0 verbose cli C:\Program Files\nodejs\node.exe C:\Program Files\nodejs\node_modules\npm\bin\npm-cli.js
1 info using npm@10.9.2
2 info using node@v22.17.1
3 silly config load:file:C:\Program Files\nodejs\node_modules\npm\npmrc
4 silly config load:file:C:\Users\ksura\OneDrive\Documents\Pet_adoption\.npmrc
5 silly config load:file:C:\Users\ksura\.npmrc
6 silly config load:file:C:\Users\ksura\AppData\Roaming\npm\etc\npmrc
7 verbose title npm install
8 verbose argv "install" "--no-audit" "--no-fund"
9 verbose logfile logs-max:10 dir:C:\Users\ksura\OneDrive\Documents\Pet_adoption\.npm-cache\_logs\2026-07-21T04_53_31_909Z-
10 verbose logfile C:\Users\ksura\OneDrive\Documents\Pet_adoption\.npm-cache\_logs\2026-07-21T04_53_31_909Z-debug-0.log
11 silly logfile done cleaning log files
12 silly packumentCache heap:4345298944 maxSize:1086324736 maxEntrySize:543162368
13 silly idealTree buildDeps
14 silly fetch manifest react@18.2.0
15 silly packumentCache full:https://registry.npmjs.org/react cache-miss
16 http fetch GET 200 https://registry.npmjs.org/npm 2330ms
17 http fetch GET 200 https://registry.npmjs.org/react 2549ms (cache miss)
18 silly packumentCache full:https://registry.npmjs.org/react set size:undefined disposed:false
19 silly fetch manifest react-dom@18.2.0
20 silly packumentCache full:https://registry.npmjs.org/react-dom cache-miss
21 http fetch GET 200 https://registry.npmjs.org/react-dom 529ms (cache miss)
22 silly packumentCache full:https://registry.npmjs.org/react-dom set size:undefined disposed:false
23 silly fetch manifest @vitejs/plugin-react@4.3.1
24 silly packumentCache full:https://registry.npmjs.org/@vitejs%2fplugin-react cache-miss
25 http fetch GET 200 https://registry.npmjs.org/@vitejs%2fplugin-react 134ms (cache miss)
26 silly packumentCache full:https://registry.npmjs.org/@vitejs%2fplugin-react set size:undefined disposed:false
27 silly fetch manifest vite@5.4.8
28 silly packumentCache full:https://registry.npmjs.org/vite cache-miss
29 http fetch GET 200 https://registry.npmjs.org/vite 1350ms (cache miss)
30 silly packumentCache full:https://registry.npmjs.org/vite set size:undefined disposed:false
31 silly fetch manifest @types/node@^18.0.0 || >=20.0.0
32 silly packumentCache full:https://registry.npmjs.org/@types%2fnode cache-miss
33 http fetch GET 200 https://registry.npmjs.org/@types%2fnode 466ms (cache miss)
34 silly packumentCache full:https://registry.npmjs.org/@types%2fnode set size:undefined disposed:false
35 silly fetch manifest less@*
36 silly packumentCache full:https://registry.npmjs.org/less cache-miss
37 http fetch GET 200 https://registry.npmjs.org/less 116ms (cache miss)
38 silly packumentCache full:https://registry.npmjs.org/less set size:undefined disposed:false
39 silly fetch manifest lightningcss@^1.21.0
40 silly packumentCache full:https://registry.npmjs.org/lightningcss cache-miss
41 http fetch GET 200 https://registry.npmjs.org/lightningcss 81ms (cache miss)
42 silly packumentCache full:https://registry.npmjs.org/lightningcss set size:undefined disposed:false
43 silly fetch manifest sass@*
44 silly packumentCache full:https://registry.npmjs.org/sass cache-miss
45 http fetch GET 200 https://registry.npmjs.org/sass 112ms (cache miss)
46 silly packumentCache full:https://registry.npmjs.org/sass set size:undefined disposed:false
47 silly fetch manifest sass-embedded@*
48 silly packumentCache full:https://registry.npmjs.org/sass-embedded cache-miss
49 http fetch GET 200 https://registry.npmjs.org/sass-embedded 104ms (cache miss)
50 silly packumentCache full:https://registry.npmjs.org/sass-embedded set size:undefined disposed:false
51 silly fetch manifest stylus@*
52 silly packumentCache full:https://registry.npmjs.org/stylus cache-miss
53 http fetch GET 200 https://registry.npmjs.org/stylus 126ms (cache miss)
54 silly packumentCache full:https://registry.npmjs.org/stylus set size:undefined disposed:false
55 silly fetch manifest sugarss@*
56 silly packumentCache full:https://registry.npmjs.org/sugarss cache-miss
57 http fetch GET 200 https://registry.npmjs.org/sugarss 89ms (cache miss)
58 silly packumentCache full:https://registry.npmjs.org/sugarss set size:undefined disposed:false
59 silly fetch manifest postcss@^8.3.3
60 silly packumentCache full:https://registry.npmjs.org/postcss cache-miss
61 http fetch GET 200 https://registry.npmjs.org/postcss 130ms (cache miss)
62 silly packumentCache full:https://registry.npmjs.org/postcss set size:undefined disposed:false
63 silly fetch manifest terser@^5.4.0
64 silly packumentCache full:https://registry.npmjs.org/terser cache-miss
65 http fetch GET 200 https://registry.npmjs.org/terser 187ms (cache miss)
66 silly packumentCache full:https://registry.npmjs.org/terser set size:undefined disposed:false
67 silly placeDep ROOT @vitejs/plugin-react@4.3.1 OK for: pet-adoption-card@1.0.0 want: 4.3.1
68 silly placeDep ROOT vite@5.4.8 OK for: @vitejs/plugin-react@4.3.1 want: ^4.2.0 || ^5.0.0
69 silly placeDep ROOT react@18.2.0 OK for: pet-adoption-card@1.0.0 want: 18.2.0
70 silly placeDep ROOT react-dom@18.2.0 OK for: pet-adoption-card@1.0.0 want: 18.2.0
71 silly fetch manifest @babel/core@^7.24.5
72 silly packumentCache full:https://registry.npmjs.org/@babel%2fcore cache-miss
73 silly fetch manifest react-refresh@^0.14.2
74 silly packumentCache full:https://registry.npmjs.org/react-refresh cache-miss
75 silly fetch manifest @types/babel__core@^7.20.5
76 silly packumentCache full:https://registry.npmjs.org/@types%2fbabel__core cache-miss
77 silly fetch manifest @babel/plugin-transform-react-jsx-self@^7.24.5
78 silly packumentCache full:https://registry.npmjs.org/@babel%2fplugin-transform-react-jsx-self cache-miss
79 silly fetch manifest @babel/plugin-transform-react-jsx-source@^7.24.1
80 silly packumentCache full:https://registry.npmjs.org/@babel%2fplugin-transform-react-jsx-source cache-miss
81 silly fetch manifest rollup@^4.20.0
82 silly packumentCache full:https://registry.npmjs.org/rollup cache-miss
83 silly fetch manifest esbuild@^0.21.3
84 silly packumentCache full:https://registry.npmjs.org/esbuild cache-miss
85 silly fetch manifest postcss@^8.4.43
86 silly packumentCache full:https://registry.npmjs.org/postcss cache-miss
87 silly fetch manifest fsevents@~2.3.3
88 silly packumentCache full:https://registry.npmjs.org/fsevents cache-miss
89 silly fetch manifest loose-envify@^1.1.0
90 silly packumentCache full:https://registry.npmjs.org/loose-envify cache-miss
91 silly fetch manifest scheduler@^0.23.0
92 silly packumentCache full:https://registry.npmjs.org/scheduler cache-miss
93 http cache https://registry.npmjs.org/postcss 83ms (cache hit)
94 silly packumentCache full:https://registry.npmjs.org/postcss set size:739941 disposed:false
95 silly fetch manifest loose-envify@^1.1.0
96 silly packumentCache full:https://registry.npmjs.org/loose-envify cache-miss
97 http fetch GET 200 https://registry.npmjs.org/@babel%2fcore 180ms (cache miss)
98 silly packumentCache full:https://registry.npmjs.org/@babel%2fcore set size:undefined disposed:false
99 http fetch GET 200 https://registry.npmjs.org/loose-envify 301ms (cache miss)
100 silly packumentCache full:https://registry.npmjs.org/loose-envify set size:undefined disposed:false
101 http fetch GET 200 https://registry.npmjs.org/loose-envify 399ms (cache miss)
102 silly packumentCache full:https://registry.npmjs.org/loose-envify set size:undefined disposed:false
103 http fetch GET 200 https://registry.npmjs.org/@types%2fbabel__core 411ms (cache miss)
104 silly packumentCache full:https://registry.npmjs.org/@types%2fbabel__core set size:undefined disposed:false
105 http fetch GET 200 https://registry.npmjs.org/@babel%2fplugin-transform-react-jsx-source 415ms (cache miss)
106 silly packumentCache full:https://registry.npmjs.org/@babel%2fplugin-transform-react-jsx-source set size:undefined disposed:false
107 http fetch GET 200 https://registry.npmjs.org/@babel%2fplugin-transform-react-jsx-self 420ms (cache miss)
108 silly packumentCache full:https://registry.npmjs.org/@babel%2fplugin-transform-react-jsx-self set size:undefined disposed:false
109 http fetch GET 200 https://registry.npmjs.org/fsevents 420ms (cache miss)
110 silly packumentCache full:https://registry.npmjs.org/fsevents set size:undefined disposed:false
111 http fetch GET 200 https://registry.npmjs.org/react-refresh 586ms (cache miss)
112 silly packumentCache full:https://registry.npmjs.org/react-refresh set size:undefined disposed:false
113 http fetch GET 200 https://registry.npmjs.org/esbuild 685ms (cache miss)
114 silly packumentCache full:https://registry.npmjs.org/esbuild set size:undefined disposed:false
115 http fetch GET 200 https://registry.npmjs.org/rollup 856ms (cache miss)
116 silly packumentCache full:https://registry.npmjs.org/rollup set size:undefined disposed:false
117 http fetch GET 200 https://registry.npmjs.org/scheduler 996ms (cache miss)
118 silly packumentCache full:https://registry.npmjs.org/scheduler set size:undefined disposed:false
119 silly placeDep ROOT @babel/core@7.29.7 OK for: @vitejs/plugin-react@4.3.1 want: ^7.24.5
120 silly placeDep ROOT @babel/plugin-transform-react-jsx-self@7.29.7 OK for: @vitejs/plugin-react@4.3.1 want: ^7.24.5
121 silly placeDep ROOT @babel/plugin-transform-react-jsx-source@7.29.7 OK for: @vitejs/plugin-react@4.3.1 want: ^7.24.1
122 silly placeDep ROOT @types/babel__core@7.20.5 OK for: @vitejs/plugin-react@4.3.1 want: ^7.20.5
123 silly placeDep ROOT react-refresh@0.14.2 OK for: @vitejs/plugin-react@4.3.1 want: ^0.14.2
124 silly fetch manifest debug@^4.1.0
125 silly packumentCache full:https://registry.npmjs.org/debug cache-miss
126 silly fetch manifest json5@^2.2.3
127 silly packumentCache full:https://registry.npmjs.org/json5 cache-miss
128 silly fetch manifest semver@^6.3.1
129 silly packumentCache full:https://registry.npmjs.org/semver cache-miss
130 silly fetch manifest gensync@^1.0.0-beta.2
131 silly packumentCache full:https://registry.npmjs.org/gensync cache-miss
132 silly fetch manifest @babel/types@^7.29.7
133 silly packumentCache full:https://registry.npmjs.org/@babel%2ftypes cache-miss
134 silly fetch manifest @babel/parser@^7.29.7
135 silly packumentCache full:https://registry.npmjs.org/@babel%2fparser cache-miss
136 silly fetch manifest @babel/helpers@^7.29.7
137 silly packumentCache full:https://registry.npmjs.org/@babel%2fhelpers cache-miss
138 silly fetch manifest @babel/template@^7.29.7
139 silly packumentCache full:https://registry.npmjs.org/@babel%2ftemplate cache-miss
140 silly fetch manifest @babel/traverse@^7.29.7
141 silly packumentCache full:https://registry.npmjs.org/@babel%2ftraverse cache-miss
142 silly fetch manifest @babel/generator@^7.29.7
143 silly packumentCache full:https://registry.npmjs.org/@babel%2fgenerator cache-miss
144 silly fetch manifest @babel/code-frame@^7.29.7
145 silly packumentCache full:https://registry.npmjs.org/@babel%2fcode-frame cache-miss
146 http fetch GET 200 https://registry.npmjs.org/gensync 83ms (cache miss)
147 silly packumentCache full:https://registry.npmjs.org/gensync set size:undefined disposed:false
148 silly fetch manifest convert-source-map@^2.0.0
149 silly packumentCache full:https://registry.npmjs.org/convert-source-map cache-miss
150 http fetch GET 200 https://registry.npmjs.org/json5 89ms (cache miss)
151 silly packumentCache full:https://registry.npmjs.org/json5 set size:undefined disposed:false
152 silly fetch manifest @jridgewell/remapping@^2.3.5
153 silly packumentCache full:https://registry.npmjs.org/@jridgewell%2fremapping cache-miss
154 http fetch GET 200 https://registry.npmjs.org/debug 126ms (cache miss)
155 silly packumentCache full:https://registry.npmjs.org/debug set size:undefined disposed:false
156 silly fetch manifest @babel/helper-module-transforms@^7.29.7
157 silly packumentCache full:https://registry.npmjs.org/@babel%2fhelper-module-transforms cache-miss
158 http fetch GET 200 https://registry.npmjs.org/@babel%2fcode-frame 173ms (cache miss)
159 silly packumentCache full:https://registry.npmjs.org/@babel%2fcode-frame set size:undefined disposed:false
160 silly fetch manifest @babel/helper-compilation-targets@^7.29.7
161 silly packumentCache full:https://registry.npmjs.org/@babel%2fhelper-compilation-targets cache-miss
162 http fetch GET 200 https://registry.npmjs.org/@babel%2fhelpers 202ms (cache miss)
163 silly packumentCache full:https://registry.npmjs.org/@babel%2fhelpers set size:undefined disposed:false
164 silly fetch manifest @babel/helper-plugin-utils@^7.29.7
165 silly packumentCache full:https://registry.npmjs.org/@babel%2fhelper-plugin-utils cache-miss
166 http fetch GET 200 https://registry.npmjs.org/@babel%2ftemplate 212ms (cache miss)
167 silly packumentCache full:https://registry.npmjs.org/@babel%2ftemplate set size:undefined disposed:false
168 silly fetch manifest @babel/helper-plugin-utils@^7.29.7
169 silly packumentCache full:https://registry.npmjs.org/@babel%2fhelper-plugin-utils cache-miss
170 http fetch GET 200 https://registry.npmjs.org/convert-source-map 138ms (cache miss)
171 silly packumentCache full:https://registry.npmjs.org/convert-source-map set size:undefined disposed:false
172 silly fetch manifest @babel/types@^7.20.7
173 silly packumentCache full:https://registry.npmjs.org/@babel%2ftypes cache-miss
174 http fetch GET 200 https://registry.npmjs.org/semver 235ms (cache miss)
175 silly packumentCache full:https://registry.npmjs.org/semver set size:undefined disposed:false
176 silly fetch manifest @babel/parser@^7.20.7
177 silly packumentCache full:https://registry.npmjs.org/@babel%2fparser cache-miss
178 http fetch GET 200 https://registry.npmjs.org/@babel%2ftraverse 246ms (cache miss)
179 silly packumentCache full:https://registry.npmjs.org/@babel%2ftraverse set size:undefined disposed:false
180 silly fetch manifest @types/babel__template@*
181 silly packumentCache full:https://registry.npmjs.org/@types%2fbabel__template cache-miss
182 http fetch GET 200 https://registry.npmjs.org/@babel%2ftypes 255ms (cache miss)
183 silly packumentCache full:https://registry.npmjs.org/@babel%2ftypes set size:undefined disposed:false
184 silly fetch manifest @types/babel__traverse@*
185 silly packumentCache full:https://registry.npmjs.org/@types%2fbabel__traverse cache-miss
186 http fetch GET 200 https://registry.npmjs.org/@babel%2fgenerator 261ms (cache miss)
187 silly packumentCache full:https://registry.npmjs.org/@babel%2fgenerator set size:undefined disposed:false
188 silly fetch manifest @types/babel__generator@*
189 silly packumentCache full:https://registry.npmjs.org/@types%2fbabel__generator cache-miss
190 http fetch GET 200 https://registry.npmjs.org/@babel%2fhelper-module-transforms 142ms (cache miss)
191 silly packumentCache full:https://registry.npmjs.org/@babel%2fhelper-module-transforms set size:undefined disposed:false
192 http fetch GET 200 https://registry.npmjs.org/@types%2fbabel__template 131ms (cache miss)
193 silly packumentCache full:https://registry.npmjs.org/@types%2fbabel__template set size:undefined disposed:false
194 http fetch GET 200 https://registry.npmjs.org/@babel%2ftypes 163ms (cache miss)
195 silly packumentCache full:https://registry.npmjs.org/@babel%2ftypes set size:undefined disposed:false
196 http fetch GET 200 https://registry.npmjs.org/@types%2fbabel__generator 128ms (cache miss)
197 silly packumentCache full:https://registry.npmjs.org/@types%2fbabel__generator set size:undefined disposed:false
198 http fetch GET 200 https://registry.npmjs.org/@types%2fbabel__traverse 140ms (cache miss)
199 silly packumentCache full:https://registry.npmjs.org/@types%2fbabel__traverse set size:undefined disposed:false
200 http fetch GET 200 https://registry.npmjs.org/@jridgewell%2fremapping 342ms (cache miss)
201 silly packumentCache full:https://registry.npmjs.org/@jridgewell%2fremapping set size:undefined disposed:false
202 http fetch GET 200 https://registry.npmjs.org/@babel%2fhelper-plugin-utils 389ms (cache miss)
203 silly packumentCache full:https://registry.npmjs.org/@babel%2fhelper-plugin-utils set size:undefined disposed:false
204 http fetch GET 200 https://registry.npmjs.org/@babel%2fhelper-plugin-utils 381ms (cache miss)
205 silly packumentCache full:https://registry.npmjs.org/@babel%2fhelper-plugin-utils set size:undefined disposed:false
206 http fetch GET 200 https://registry.npmjs.org/@babel%2fparser 374ms (cache miss)
207 silly packumentCache full:https://registry.npmjs.org/@babel%2fparser set size:undefined disposed:false
208 http fetch GET 200 https://registry.npmjs.org/@babel%2fparser 640ms (cache miss)
209 silly packumentCache full:https://registry.npmjs.org/@babel%2fparser set size:undefined disposed:false
210 http fetch GET 200 https://registry.npmjs.org/@babel%2fhelper-compilation-targets 475ms (cache miss)
211 silly packumentCache full:https://registry.npmjs.org/@babel%2fhelper-compilation-targets set size:undefined disposed:false
212 silly fetch manifest @babel/core@^7.0.0
213 silly packumentCache full:https://registry.npmjs.org/@babel%2fcore cache-miss
214 http cache https://registry.npmjs.org/@babel%2fcore 19ms (cache hit)
215 silly packumentCache full:https://registry.npmjs.org/@babel%2fcore set size:788258 disposed:false
216 silly placeDep ROOT @babel/code-frame@7.29.7 OK for: @babel/core@7.29.7 want: ^7.29.7
217 silly placeDep ROOT @babel/generator@7.29.7 OK for: @babel/core@7.29.7 want: ^7.29.7
218 silly placeDep ROOT @babel/helper-compilation-targets@7.29.7 OK for: @babel/core@7.29.7 want: ^7.29.7
219 silly placeDep ROOT @babel/helper-module-transforms@7.29.7 OK for: @babel/core@7.29.7 want: ^7.29.7
220 silly placeDep ROOT @babel/helpers@7.29.7 OK for: @babel/core@7.29.7 want: ^7.29.7
221 silly placeDep ROOT @babel/parser@7.29.7 OK for: @babel/core@7.29.7 want: ^7.29.7
222 silly placeDep ROOT @babel/template@7.29.7 OK for: @babel/core@7.29.7 want: ^7.29.7
223 silly placeDep ROOT @babel/traverse@7.29.7 OK for: @babel/core@7.29.7 want: ^7.29.7
224 silly placeDep ROOT @babel/types@7.29.7 OK for: @babel/core@7.29.7 want: ^7.29.7
225 silly placeDep ROOT @jridgewell/remapping@2.3.5 OK for: @babel/core@7.29.7 want: ^2.3.5
226 silly placeDep ROOT convert-source-map@2.0.0 OK for: @babel/core@7.29.7 want: ^2.0.0
227 silly placeDep ROOT debug@4.4.3 OK for: @babel/core@7.29.7 want: ^4.1.0
228 silly placeDep ROOT gensync@1.0.0-beta.2 OK for: @babel/core@7.29.7 want: ^1.0.0-beta.2
229 silly placeDep ROOT json5@2.2.3 OK for: @babel/core@7.29.7 want: ^2.2.3
230 silly placeDep ROOT semver@6.3.1 OK for: @babel/core@7.29.7 want: ^6.3.1
231 silly fetch manifest js-tokens@^4.0.0
232 silly packumentCache full:https://registry.npmjs.org/js-tokens cache-miss
233 silly fetch manifest picocolors@^1.1.1
234 silly packumentCache full:https://registry.npmjs.org/picocolors cache-miss
235 silly fetch manifest @babel/helper-validator-identifier@^7.29.7
236 silly packumentCache full:https://registry.npmjs.org/@babel%2fhelper-validator-identifier cache-miss
237 silly fetch manifest jsesc@^3.0.2
238 silly packumentCache full:https://registry.npmjs.org/jsesc cache-miss
239 silly fetch manifest @jridgewell/gen-mapping@^0.3.12
240 silly packumentCache full:https://registry.npmjs.org/@jridgewell%2fgen-mapping cache-miss
241 silly fetch manifest @jridgewell/trace-mapping@^0.3.28
242 silly packumentCache full:https://registry.npmjs.org/@jridgewell%2ftrace-mapping cache-miss
243 silly fetch manifest lru-cache@^5.1.1
244 silly packumentCache full:https://registry.npmjs.org/lru-cache cache-miss
245 silly fetch manifest browserslist@^4.24.0
246 silly packumentCache full:https://registry.npmjs.org/browserslist cache-miss
247 silly fetch manifest @babel/compat-data@^7.29.7
248 silly packumentCache full:https://registry.npmjs.org/@babel%2fcompat-data cache-miss
249 silly fetch manifest @babel/helper-validator-option@^7.29.7
250 silly packumentCache full:https://registry.npmjs.org/@babel%2fhelper-validator-option cache-miss
251 silly fetch manifest @babel/helper-module-imports@^7.29.7
252 silly packumentCache full:https://registry.npmjs.org/@babel%2fhelper-module-imports cache-miss
253 http fetch GET 200 https://registry.npmjs.org/picocolors 200ms (cache miss)
254 silly packumentCache full:https://registry.npmjs.org/picocolors set size:undefined disposed:false
255 silly fetch manifest @babel/helper-validator-identifier@^7.29.7
256 silly packumentCache full:https://registry.npmjs.org/@babel%2fhelper-validator-identifier cache-miss
257 http fetch GET 200 https://registry.npmjs.org/@jridgewell%2fgen-mapping 204ms (cache miss)
258 silly packumentCache full:https://registry.npmjs.org/@jridgewell%2fgen-mapping set size:undefined disposed:false
259 silly fetch manifest debug@^4.3.1
260 silly packumentCache full:https://registry.npmjs.org/debug cache-miss
261 http fetch GET 200 https://registry.npmjs.org/@babel%2fhelper-validator-option 204ms (cache miss)
262 silly packumentCache full:https://registry.npmjs.org/@babel%2fhelper-validator-option set size:undefined disposed:false
263 silly fetch manifest @babel/helper-globals@^7.29.7
264 silly packumentCache full:https://registry.npmjs.org/@babel%2fhelper-globals cache-miss
265 http fetch GET 200 https://registry.npmjs.org/js-tokens 212ms (cache miss)
266 silly packumentCache full:https://registry.npmjs.org/js-tokens set size:undefined disposed:false
267 silly fetch manifest @babel/helper-string-parser@^7.29.7
268 silly packumentCache full:https://registry.npmjs.org/@babel%2fhelper-string-parser cache-miss
269 http fetch GET 200 https://registry.npmjs.org/jsesc 217ms (cache miss)
270 silly packumentCache full:https://registry.npmjs.org/jsesc set size:undefined disposed:false
271 silly fetch manifest @babel/helper-validator-identifier@^7.29.7
272 silly packumentCache full:https://registry.npmjs.org/@babel%2fhelper-validator-identifier cache-miss
273 http fetch GET 200 https://registry.npmjs.org/@babel%2fhelper-validator-identifier 220ms (cache miss)
274 silly packumentCache full:https://registry.npmjs.org/@babel%2fhelper-validator-identifier set size:undefined disposed:false
275 silly fetch manifest @jridgewell/gen-mapping@^0.3.5
276 silly packumentCache full:https://registry.npmjs.org/@jridgewell%2fgen-mapping cache-miss
277 http fetch GET 200 https://registry.npmjs.org/@jridgewell%2ftrace-mapping 223ms (cache miss)
278 silly packumentCache full:https://registry.npmjs.org/@jridgewell%2ftrace-mapping set size:undefined disposed:false
279 silly fetch manifest @jridgewell/trace-mapping@^0.3.24
280 silly packumentCache full:https://registry.npmjs.org/@jridgewell%2ftrace-mapping cache-miss
281 http fetch GET 200 https://registry.npmjs.org/@babel%2fhelper-module-imports 223ms (cache miss)
282 silly packumentCache full:https://registry.npmjs.org/@babel%2fhelper-module-imports set size:undefined disposed:false
283 silly fetch manifest ms@^2.1.3
284 silly packumentCache full:https://registry.npmjs.org/ms cache-miss
285 http fetch GET 200 https://registry.npmjs.org/@babel%2fcompat-data 231ms (cache miss)
286 silly packumentCache full:https://registry.npmjs.org/@babel%2fcompat-data set size:undefined disposed:false
287 http cache https://registry.npmjs.org/debug 36ms (cache hit)
288 silly packumentCache full:https://registry.npmjs.org/debug set size:195840 disposed:false
289 http cache https://registry.npmjs.org/@jridgewell%2fgen-mapping 32ms (cache hit)
290 silly packumentCache full:https://registry.npmjs.org/@jridgewell%2fgen-mapping set size:75941 disposed:false
291 http cache https://registry.npmjs.org/@jridgewell%2ftrace-mapping 30ms (cache hit)
292 silly packumentCache full:https://registry.npmjs.org/@jridgewell%2ftrace-mapping set size:170909 disposed:false
293 http cache https://registry.npmjs.org/@babel%2fhelper-validator-identifier 39ms (cache hit)
294 silly packumentCache full:https://registry.npmjs.org/@babel%2fhelper-validator-identifier set size:130133 disposed:false
295 http fetch GET 200 https://registry.npmjs.org/lru-cache 258ms (cache miss)
296 silly packumentCache full:https://registry.npmjs.org/lru-cache set size:undefined disposed:false
297 http fetch GET 200 https://registry.npmjs.org/browserslist 264ms (cache miss)
298 silly packumentCache full:https://registry.npmjs.org/browserslist set size:undefined disposed:false
299 http fetch GET 200 https://registry.npmjs.org/@babel%2fhelper-globals 103ms (cache miss)
300 silly packumentCache full:https://registry.npmjs.org/@babel%2fhelper-globals set size:undefined disposed:false
301 http fetch GET 200 https://registry.npmjs.org/@babel%2fhelper-validator-identifier 114ms (cache miss)
302 silly packumentCache full:https://registry.npmjs.org/@babel%2fhelper-validator-identifier set size:undefined disposed:false
303 silly packumentCache full:https://registry.npmjs.org/@babel%2fhelper-validator-identifier dispose
304 http fetch GET 200 https://registry.npmjs.org/@babel%2fhelper-string-parser 106ms (cache miss)
305 silly packumentCache full:https://registry.npmjs.org/@babel%2fhelper-string-parser set size:undefined disposed:false
306 http fetch GET 200 https://registry.npmjs.org/ms 132ms (cache miss)
307 silly packumentCache full:https://registry.npmjs.org/ms set size:undefined disposed:false
308 silly placeDep ROOT @babel/helper-validator-identifier@7.29.7 OK for: @babel/code-frame@7.29.7 want: ^7.29.7
309 silly placeDep ROOT js-tokens@4.0.0 OK for: @babel/code-frame@7.29.7 want: ^4.0.0
310 silly placeDep ROOT picocolors@1.1.1 OK for: @babel/code-frame@7.29.7 want: ^1.1.1
311 silly placeDep ROOT @jridgewell/gen-mapping@0.3.13 OK for: @babel/generator@7.29.7 want: ^0.3.12
312 silly placeDep ROOT @jridgewell/trace-mapping@0.3.31 OK for: @babel/generator@7.29.7 want: ^0.3.28
313 silly placeDep ROOT jsesc@3.1.0 OK for: @babel/generator@7.29.7 want: ^3.0.2
314 silly fetch manifest @jridgewell/sourcemap-codec@^1.5.0
315 silly packumentCache full:https://registry.npmjs.org/@jridgewell%2fsourcemap-codec cache-miss
316 silly fetch manifest @jridgewell/resolve-uri@^3.1.0
317 silly packumentCache full:https://registry.npmjs.org/@jridgewell%2fresolve-uri cache-miss
318 silly fetch manifest @jridgewell/sourcemap-codec@^1.4.14
319 silly packumentCache full:https://registry.npmjs.org/@jridgewell%2fsourcemap-codec cache-miss
320 http fetch GET 200 https://registry.npmjs.org/@jridgewell%2fsourcemap-codec 90ms (cache miss)
321 silly packumentCache full:https://registry.npmjs.org/@jridgewell%2fsourcemap-codec set size:undefined disposed:false
322 http fetch GET 200 https://registry.npmjs.org/@jridgewell%2fsourcemap-codec 97ms (cache miss)
323 silly packumentCache full:https://registry.npmjs.org/@jridgewell%2fsourcemap-codec set size:undefined disposed:false
324 http fetch GET 200 https://registry.npmjs.org/@jridgewell%2fresolve-uri 106ms (cache miss)
325 silly packumentCache full:https://registry.npmjs.org/@jridgewell%2fresolve-uri set size:undefined disposed:false
326 silly placeDep ROOT @babel/compat-data@7.29.7 OK for: @babel/helper-compilation-targets@7.29.7 want: ^7.29.7
327 silly placeDep ROOT @babel/helper-validator-option@7.29.7 OK for: @babel/helper-compilation-targets@7.29.7 want: ^7.29.7
328 silly placeDep ROOT browserslist@4.28.6 OK for: @babel/helper-compilation-targets@7.29.7 want: ^4.24.0
329 silly placeDep ROOT lru-cache@5.1.1 OK for: @babel/helper-compilation-targets@7.29.7 want: ^5.1.1
330 silly fetch manifest caniuse-lite@^1.0.30001803
331 silly packumentCache full:https://registry.npmjs.org/caniuse-lite cache-miss
332 silly fetch manifest node-releases@^2.0.51
333 silly packumentCache full:https://registry.npmjs.org/node-releases cache-miss
334 silly fetch manifest electron-to-chromium@^1.5.389
335 silly packumentCache full:https://registry.npmjs.org/electron-to-chromium cache-miss
336 silly fetch manifest update-browserslist-db@^1.2.3
337 silly packumentCache full:https://registry.npmjs.org/update-browserslist-db cache-miss
338 silly fetch manifest baseline-browser-mapping@^2.10.42
339 silly packumentCache full:https://registry.npmjs.org/baseline-browser-mapping cache-miss
340 silly fetch manifest yallist@^3.0.2
341 silly packumentCache full:https://registry.npmjs.org/yallist cache-miss
342 http fetch GET 200 https://registry.npmjs.org/yallist 178ms (cache miss)
343 silly packumentCache full:https://registry.npmjs.org/yallist set size:undefined disposed:false
344 http fetch GET 200 https://registry.npmjs.org/update-browserslist-db 183ms (cache miss)
345 silly packumentCache full:https://registry.npmjs.org/update-browserslist-db set size:undefined disposed:false
346 http fetch GET 200 https://registry.npmjs.org/node-releases 191ms (cache miss)
347 silly packumentCache full:https://registry.npmjs.org/node-releases set size:undefined disposed:false
348 http fetch GET 200 https://registry.npmjs.org/baseline-browser-mapping 197ms (cache miss)
349 silly packumentCache full:https://registry.npmjs.org/baseline-browser-mapping set size:undefined disposed:false
350 http fetch GET 200 https://registry.npmjs.org/caniuse-lite 359ms (cache miss)
351 silly packumentCache full:https://registry.npmjs.org/caniuse-lite set size:undefined disposed:false
352 http fetch GET 200 https://registry.npmjs.org/electron-to-chromium 504ms (cache miss)
353 silly packumentCache full:https://registry.npmjs.org/electron-to-chromium set size:undefined disposed:false
354 silly placeDep ROOT @babel/helper-module-imports@7.29.7 OK for: @babel/helper-module-transforms@7.29.7 want: ^7.29.7
355 silly placeDep ROOT @babel/helper-plugin-utils@7.29.7 OK for: @babel/plugin-transform-react-jsx-self@7.29.7 want: ^7.29.7
356 silly placeDep ROOT @babel/helper-globals@7.29.7 OK for: @babel/traverse@7.29.7 want: ^7.29.7
357 silly placeDep ROOT @babel/helper-string-parser@7.29.7 OK for: @babel/types@7.29.7 want: ^7.29.7
358 silly placeDep ROOT @jridgewell/sourcemap-codec@1.5.5 OK for: @jridgewell/gen-mapping@0.3.13 want: ^1.5.0
359 silly placeDep ROOT @jridgewell/resolve-uri@3.1.2 OK for: @jridgewell/trace-mapping@0.3.31 want: ^3.1.0
360 silly placeDep ROOT @types/babel__generator@7.27.0 OK for: @types/babel__core@7.20.5 want: *
361 silly placeDep ROOT @types/babel__template@7.4.4 OK for: @types/babel__core@7.20.5 want: *
362 silly placeDep ROOT @types/babel__traverse@7.28.0 OK for: @types/babel__core@7.20.5 want: *
363 silly fetch manifest browserslist@>= 4.21.0
364 silly packumentCache full:https://registry.npmjs.org/browserslist cache-miss
365 http cache https://registry.npmjs.org/browserslist 23ms (cache hit)
366 silly packumentCache full:https://registry.npmjs.org/browserslist set size:514014 disposed:false
367 silly placeDep ROOT baseline-browser-mapping@2.10.44 OK for: browserslist@4.28.6 want: ^2.10.42
368 silly placeDep ROOT caniuse-lite@1.0.30001806 OK for: browserslist@4.28.6 want: ^1.0.30001803
369 silly placeDep ROOT electron-to-chromium@1.5.394 OK for: browserslist@4.28.6 want: ^1.5.389
370 silly placeDep ROOT node-releases@2.0.51 OK for: browserslist@4.28.6 want: ^2.0.51
371 silly placeDep ROOT update-browserslist-db@1.2.3 OK for: browserslist@4.28.6 want: ^1.2.3
372 silly fetch manifest escalade@^3.2.0
373 silly packumentCache full:https://registry.npmjs.org/escalade cache-miss
374 http fetch GET 200 https://registry.npmjs.org/escalade 60ms (cache miss)
375 silly packumentCache full:https://registry.npmjs.org/escalade set size:undefined disposed:false
376 silly placeDep ROOT ms@2.1.3 OK for: debug@4.4.3 want: ^2.1.3
377 silly placeDep ROOT yallist@3.1.1 OK for: lru-cache@5.1.1 want: ^3.0.2
378 silly placeDep ROOT loose-envify@1.4.0 OK for: react@18.2.0 want: ^1.1.0
379 silly placeDep ROOT scheduler@0.23.2 OK for: react-dom@18.2.0 want: ^0.23.0
380 silly placeDep ROOT escalade@3.2.0 OK for: update-browserslist-db@1.2.3 want: ^3.2.0
381 silly placeDep ROOT esbuild@0.21.5 OK for: vite@5.4.8 want: ^0.21.3
382 silly placeDep ROOT fsevents@2.3.3 OK for: vite@5.4.8 want: ~2.3.3
383 silly placeDep ROOT postcss@8.5.20 OK for: vite@5.4.8 want: ^8.4.43
384 silly placeDep ROOT rollup@4.62.2 OK for: vite@5.4.8 want: ^4.20.0
385 silly fetch manifest @esbuild/aix-ppc64@0.21.5
386 silly packumentCache full:https://registry.npmjs.org/@esbuild%2faix-ppc64 cache-miss
387 silly fetch manifest @esbuild/linux-arm@0.21.5
388 silly packumentCache full:https://registry.npmjs.org/@esbuild%2flinux-arm cache-miss
389 silly fetch manifest @esbuild/linux-x64@0.21.5
390 silly packumentCache full:https://registry.npmjs.org/@esbuild%2flinux-x64 cache-miss
391 silly fetch manifest @esbuild/sunos-x64@0.21.5
392 silly packumentCache full:https://registry.npmjs.org/@esbuild%2fsunos-x64 cache-miss
393 silly fetch manifest @esbuild/win32-x64@0.21.5
394 silly packumentCache full:https://registry.npmjs.org/@esbuild%2fwin32-x64 cache-miss
395 silly fetch manifest @esbuild/darwin-x64@0.21.5
396 silly packumentCache full:https://registry.npmjs.org/@esbuild%2fdarwin-x64 cache-miss
397 silly fetch manifest @esbuild/linux-ia32@0.21.5
398 silly packumentCache full:https://registry.npmjs.org/@esbuild%2flinux-ia32 cache-miss
399 silly fetch manifest @esbuild/netbsd-x64@0.21.5
400 silly packumentCache full:https://registry.npmjs.org/@esbuild%2fnetbsd-x64 cache-miss
401 silly fetch manifest @esbuild/win32-ia32@0.21.5
402 silly packumentCache full:https://registry.npmjs.org/@esbuild%2fwin32-ia32 cache-miss
403 silly fetch manifest @esbuild/android-arm@0.21.5
404 silly packumentCache full:https://registry.npmjs.org/@esbuild%2fandroid-arm cache-miss
405 silly fetch manifest @esbuild/android-x64@0.21.5
406 silly packumentCache full:https://registry.npmjs.org/@esbuild%2fandroid-x64 cache-miss
407 http fetch GET 200 https://registry.npmjs.org/@esbuild%2faix-ppc64 117ms (cache miss)
408 silly packumentCache full:https://registry.npmjs.org/@esbuild%2faix-ppc64 set size:undefined disposed:false
409 silly fetch manifest @esbuild/freebsd-x64@0.21.5
410 silly packumentCache full:https://registry.npmjs.org/@esbuild%2ffreebsd-x64 cache-miss
411 http fetch GET 200 https://registry.npmjs.org/@esbuild%2fsunos-x64 129ms (cache miss)
412 silly packumentCache full:https://registry.npmjs.org/@esbuild%2fsunos-x64 set size:undefined disposed:false
413 silly fetch manifest @esbuild/linux-arm64@0.21.5
414 silly packumentCache full:https://registry.npmjs.org/@esbuild%2flinux-arm64 cache-miss
415 http fetch GET 200 https://registry.npmjs.org/@esbuild%2fdarwin-x64 135ms (cache miss)
416 silly packumentCache full:https://registry.npmjs.org/@esbuild%2fdarwin-x64 set size:undefined disposed:false
417 silly fetch manifest @esbuild/linux-ppc64@0.21.5
418 silly packumentCache full:https://registry.npmjs.org/@esbuild%2flinux-ppc64 cache-miss
419 http fetch GET 200 https://registry.npmjs.org/@esbuild%2fwin32-x64 142ms (cache miss)
420 silly packumentCache full:https://registry.npmjs.org/@esbuild%2fwin32-x64 set size:undefined disposed:false
421 silly fetch manifest @esbuild/linux-s390x@0.21.5
422 silly packumentCache full:https://registry.npmjs.org/@esbuild%2flinux-s390x cache-miss
423 http fetch GET 200 https://registry.npmjs.org/@esbuild%2fwin32-ia32 145ms (cache miss)
424 silly packumentCache full:https://registry.npmjs.org/@esbuild%2fwin32-ia32 set size:undefined disposed:false
425 silly fetch manifest @esbuild/openbsd-x64@0.21.5
426 silly packumentCache full:https://registry.npmjs.org/@esbuild%2fopenbsd-x64 cache-miss
427 http fetch GET 200 https://registry.npmjs.org/@esbuild%2fnetbsd-x64 149ms (cache miss)
428 silly packumentCache full:https://registry.npmjs.org/@esbuild%2fnetbsd-x64 set size:undefined disposed:false
429 silly fetch manifest @esbuild/win32-arm64@0.21.5
430 silly packumentCache full:https://registry.npmjs.org/@esbuild%2fwin32-arm64 cache-miss
431 http fetch GET 200 https://registry.npmjs.org/@esbuild%2flinux-x64 161ms (cache miss)
432 silly packumentCache full:https://registry.npmjs.org/@esbuild%2flinux-x64 set size:undefined disposed:false
433 silly fetch manifest @esbuild/darwin-arm64@0.21.5
434 silly packumentCache full:https://registry.npmjs.org/@esbuild%2fdarwin-arm64 cache-miss
435 http fetch GET 200 https://registry.npmjs.org/@esbuild%2flinux-arm 167ms (cache miss)
436 silly packumentCache full:https://registry.npmjs.org/@esbuild%2flinux-arm set size:undefined disposed:false
437 silly fetch manifest @esbuild/android-arm64@0.21.5
438 silly packumentCache full:https://registry.npmjs.org/@esbuild%2fandroid-arm64 cache-miss
439 http fetch GET 200 https://registry.npmjs.org/@esbuild%2fandroid-x64 168ms (cache miss)
440 silly packumentCache full:https://registry.npmjs.org/@esbuild%2fandroid-x64 set size:undefined disposed:false
441 silly fetch manifest @esbuild/freebsd-arm64@0.21.5
442 silly packumentCache full:https://registry.npmjs.org/@esbuild%2ffreebsd-arm64 cache-miss
443 http fetch GET 200 https://registry.npmjs.org/@esbuild%2flinux-ia32 174ms (cache miss)
444 silly packumentCache full:https://registry.npmjs.org/@esbuild%2flinux-ia32 set size:undefined disposed:false
445 silly fetch manifest @esbuild/linux-loong64@0.21.5
446 silly packumentCache full:https://registry.npmjs.org/@esbuild%2flinux-loong64 cache-miss
447 http fetch GET 200 https://registry.npmjs.org/@esbuild%2fandroid-arm 175ms (cache miss)
448 silly packumentCache full:https://registry.npmjs.org/@esbuild%2fandroid-arm set size:undefined disposed:false
449 silly fetch manifest @esbuild/linux-riscv64@0.21.5
450 silly packumentCache full:https://registry.npmjs.org/@esbuild%2flinux-riscv64 cache-miss
451 http fetch GET 200 https://registry.npmjs.org/@esbuild%2flinux-arm64 188ms (cache miss)
452 silly packumentCache full:https://registry.npmjs.org/@esbuild%2flinux-arm64 set size:undefined disposed:false
453 silly fetch manifest @esbuild/linux-mips64el@0.21.5
454 silly packumentCache full:https://registry.npmjs.org/@esbuild%2flinux-mips64el cache-miss
455 http fetch GET 200 https://registry.npmjs.org/@esbuild%2ffreebsd-x64 207ms (cache miss)
456 silly packumentCache full:https://registry.npmjs.org/@esbuild%2ffreebsd-x64 set size:undefined disposed:false
457 silly fetch manifest nanoid@^3.3.16
458 silly packumentCache full:https://registry.npmjs.org/nanoid cache-miss
459 http fetch GET 200 https://registry.npmjs.org/@esbuild%2fwin32-arm64 175ms (cache miss)
460 silly packumentCache full:https://registry.npmjs.org/@esbuild%2fwin32-arm64 set size:undefined disposed:false
461 silly fetch manifest source-map-js@^1.2.1
462 silly packumentCache full:https://registry.npmjs.org/source-map-js cache-miss
463 http fetch GET 200 https://registry.npmjs.org/@esbuild%2flinux-ppc64 194ms (cache miss)
464 silly packumentCache full:https://registry.npmjs.org/@esbuild%2flinux-ppc64 set size:undefined disposed:false
465 silly fetch manifest @types/estree@1.0.9
466 silly packumentCache full:https://registry.npmjs.org/@types%2festree cache-miss
467 http fetch GET 200 https://registry.npmjs.org/@esbuild%2flinux-s390x 192ms (cache miss)
468 silly packumentCache full:https://registry.npmjs.org/@esbuild%2flinux-s390x set size:undefined disposed:false
469 silly fetch manifest @rollup/rollup-darwin-arm64@4.62.2
470 silly packumentCache full:https://registry.npmjs.org/@rollup%2frollup-darwin-arm64 cache-miss
471 http fetch GET 200 https://registry.npmjs.org/@esbuild%2ffreebsd-arm64 173ms (cache miss)
472 silly packumentCache full:https://registry.npmjs.org/@esbuild%2ffreebsd-arm64 set size:undefined disposed:false
473 silly fetch manifest @rollup/rollup-android-arm64@4.62.2
474 silly packumentCache full:https://registry.npmjs.org/@rollup%2frollup-android-arm64 cache-miss
475 http fetch GET 200 https://registry.npmjs.org/@esbuild%2fdarwin-arm64 190ms (cache miss)
476 silly packumentCache full:https://registry.npmjs.org/@esbuild%2fdarwin-arm64 set size:undefined disposed:false
477 silly fetch manifest @rollup/rollup-win32-arm64-msvc@4.62.2
478 silly packumentCache full:https://registry.npmjs.org/@rollup%2frollup-win32-arm64-msvc cache-miss
479 http fetch GET 200 https://registry.npmjs.org/@esbuild%2fopenbsd-x64 206ms (cache miss)
480 silly packumentCache full:https://registry.npmjs.org/@esbuild%2fopenbsd-x64 set size:undefined disposed:false
481 silly fetch manifest @rollup/rollup-freebsd-arm64@4.62.2
482 silly packumentCache full:https://registry.npmjs.org/@rollup%2frollup-freebsd-arm64 cache-miss
483 http fetch GET 200 https://registry.npmjs.org/@esbuild%2flinux-riscv64 180ms (cache miss)
484 silly packumentCache full:https://registry.npmjs.org/@esbuild%2flinux-riscv64 set size:undefined disposed:false
485 silly fetch manifest @rollup/rollup-linux-arm64-gnu@4.62.2
486 silly packumentCache full:https://registry.npmjs.org/@rollup%2frollup-linux-arm64-gnu cache-miss
487 http fetch GET 200 https://registry.npmjs.org/@esbuild%2fandroid-arm64 201ms (cache miss)
488 silly packumentCache full:https://registry.npmjs.org/@esbuild%2fandroid-arm64 set size:undefined disposed:false
489 silly fetch manifest @rollup/rollup-linux-arm64-musl@4.62.2
490 silly packumentCache full:https://registry.npmjs.org/@rollup%2frollup-linux-arm64-musl cache-miss
491 http fetch GET 200 https://registry.npmjs.org/@esbuild%2flinux-loong64 199ms (cache miss)
492 silly packumentCache full:https://registry.npmjs.org/@esbuild%2flinux-loong64 set size:undefined disposed:false
493 silly fetch manifest @rollup/rollup-android-arm-eabi@4.62.2
494 silly packumentCache full:https://registry.npmjs.org/@rollup%2frollup-android-arm-eabi cache-miss
495 http fetch GET 200 https://registry.npmjs.org/source-map-js 64ms (cache miss)
496 silly packumentCache full:https://registry.npmjs.org/source-map-js set size:undefined disposed:false
497 silly fetch manifest @rollup/rollup-linux-arm-gnueabihf@4.62.2
498 silly packumentCache full:https://registry.npmjs.org/@rollup%2frollup-linux-arm-gnueabihf cache-miss
499 http fetch GET 200 https://registry.npmjs.org/@types%2festree 71ms (cache miss)
500 silly packumentCache full:https://registry.npmjs.org/@types%2festree set size:undefined disposed:false
501 silly fetch manifest @rollup/rollup-linux-arm-musleabihf@4.62.2
502 silly packumentCache full:https://registry.npmjs.org/@rollup%2frollup-linux-arm-musleabihf cache-miss
503 http fetch GET 200 https://registry.npmjs.org/@esbuild%2flinux-mips64el 91ms (cache miss)
504 silly packumentCache full:https://registry.npmjs.org/@esbuild%2flinux-mips64el set size:undefined disposed:false
505 silly fetch manifest @rollup/rollup-win32-ia32-msvc@4.62.2
506 silly packumentCache full:https://registry.npmjs.org/@rollup%2frollup-win32-ia32-msvc cache-miss
507 http fetch GET 200 https://registry.npmjs.org/nanoid 144ms (cache miss)
508 silly packumentCache full:https://registry.npmjs.org/nanoid set size:undefined disposed:false
509 silly fetch manifest @rollup/rollup-linux-loong64-gnu@4.62.2
510 silly packumentCache full:https://registry.npmjs.org/@rollup%2frollup-linux-loong64-gnu cache-miss
511 http fetch GET 200 https://registry.npmjs.org/@rollup%2frollup-darwin-arm64 166ms (cache miss)
512 silly packumentCache full:https://registry.npmjs.org/@rollup%2frollup-darwin-arm64 set size:undefined disposed:false
513 silly fetch manifest @rollup/rollup-linux-loong64-musl@4.62.2
514 silly packumentCache full:https://registry.npmjs.org/@rollup%2frollup-linux-loong64-musl cache-miss
515 http fetch GET 200 https://registry.npmjs.org/@rollup%2frollup-win32-arm64-msvc 162ms (cache miss)
516 silly packumentCache full:https://registry.npmjs.org/@rollup%2frollup-win32-arm64-msvc set size:undefined disposed:false
517 silly fetch manifest @rollup/rollup-linux-riscv64-gnu@4.62.2
518 silly packumentCache full:https://registry.npmjs.org/@rollup%2frollup-linux-riscv64-gnu cache-miss
519 http fetch GET 200 https://registry.npmjs.org/@rollup%2frollup-android-arm64 177ms (cache miss)
520 silly packumentCache full:https://registry.npmjs.org/@rollup%2frollup-android-arm64 set size:undefined disposed:false
521 silly fetch manifest @rollup/rollup-linux-riscv64-musl@4.62.2
522 silly packumentCache full:https://registry.npmjs.org/@rollup%2frollup-linux-riscv64-musl cache-miss
523 http fetch GET 200 https://registry.npmjs.org/@rollup%2frollup-linux-arm64-gnu 168ms (cache miss)
524 silly packumentCache full:https://registry.npmjs.org/@rollup%2frollup-linux-arm64-gnu set size:undefined disposed:false
525 silly fetch manifest @rollup/rollup-linux-ppc64-gnu@4.62.2
526 silly packumentCache full:https://registry.npmjs.org/@rollup%2frollup-linux-ppc64-gnu cache-miss
527 http fetch GET 200 https://registry.npmjs.org/@rollup%2frollup-linux-arm-gnueabihf 140ms (cache miss)
528 silly packumentCache full:https://registry.npmjs.org/@rollup%2frollup-linux-arm-gnueabihf set size:undefined disposed:false
529 silly fetch manifest @rollup/rollup-linux-ppc64-musl@4.62.2
530 silly packumentCache full:https://registry.npmjs.org/@rollup%2frollup-linux-ppc64-musl cache-miss
531 http fetch GET 200 https://registry.npmjs.org/@rollup%2frollup-linux-arm64-musl 179ms (cache miss)
532 silly packumentCache full:https://registry.npmjs.org/@rollup%2frollup-linux-arm64-musl set size:undefined disposed:false
533 silly fetch manifest @rollup/rollup-linux-s390x-gnu@4.62.2
534 silly packumentCache full:https://registry.npmjs.org/@rollup%2frollup-linux-s390x-gnu cache-miss
535 http fetch GET 200 https://registry.npmjs.org/@rollup%2frollup-win32-ia32-msvc 151ms (cache miss)
536 silly packumentCache full:https://registry.npmjs.org/@rollup%2frollup-win32-ia32-msvc set size:undefined disposed:false
537 silly fetch manifest @rollup/rollup-darwin-x64@4.62.2
538 silly packumentCache full:https://registry.npmjs.org/@rollup%2frollup-darwin-x64 cache-miss
539 http fetch GET 200 https://registry.npmjs.org/@rollup%2frollup-linux-loong64-gnu 101ms (cache miss)
540 silly packumentCache full:https://registry.npmjs.org/@rollup%2frollup-linux-loong64-gnu set size:undefined disposed:false
541 silly fetch manifest @rollup/rollup-win32-x64-gnu@4.62.2
542 silly packumentCache full:https://registry.npmjs.org/@rollup%2frollup-win32-x64-gnu cache-miss
543 http fetch GET 200 https://registry.npmjs.org/@rollup%2frollup-linux-loong64-musl 83ms (cache miss)
544 silly packumentCache full:https://registry.npmjs.org/@rollup%2frollup-linux-loong64-musl set size:undefined disposed:false
545 silly fetch manifest @rollup/rollup-win32-x64-msvc@4.62.2
546 silly packumentCache full:https://registry.npmjs.org/@rollup%2frollup-win32-x64-msvc cache-miss
547 http fetch GET 200 https://registry.npmjs.org/@rollup%2frollup-linux-riscv64-gnu 87ms (cache miss)
548 silly packumentCache full:https://registry.npmjs.org/@rollup%2frollup-linux-riscv64-gnu set size:undefined disposed:false
549 silly fetch manifest @rollup/rollup-freebsd-x64@4.62.2
550 silly packumentCache full:https://registry.npmjs.org/@rollup%2frollup-freebsd-x64 cache-miss
551 http fetch GET 200 https://registry.npmjs.org/@rollup%2frollup-linux-riscv64-musl 86ms (cache miss)
552 silly packumentCache full:https://registry.npmjs.org/@rollup%2frollup-linux-riscv64-musl set size:undefined disposed:false
553 silly fetch manifest @rollup/rollup-linux-x64-gnu@4.62.2
554 silly packumentCache full:https://registry.npmjs.org/@rollup%2frollup-linux-x64-gnu cache-miss
555 http fetch GET 200 https://registry.npmjs.org/@rollup%2frollup-linux-ppc64-musl 109ms (cache miss)
556 silly packumentCache full:https://registry.npmjs.org/@rollup%2frollup-linux-ppc64-musl set size:undefined disposed:false
557 silly fetch manifest @rollup/rollup-linux-x64-musl@4.62.2
558 silly packumentCache full:https://registry.npmjs.org/@rollup%2frollup-linux-x64-musl cache-miss
559 http fetch GET 200 https://registry.npmjs.org/@rollup%2frollup-win32-x64-gnu 93ms (cache miss)
560 silly packumentCache full:https://registry.npmjs.org/@rollup%2frollup-win32-x64-gnu set size:undefined disposed:false
561 silly fetch manifest @rollup/rollup-openbsd-x64@4.62.2
562 silly packumentCache full:https://registry.npmjs.org/@rollup%2frollup-openbsd-x64 cache-miss
563 http fetch GET 200 https://registry.npmjs.org/@rollup%2frollup-linux-ppc64-gnu 146ms (cache miss)
564 silly packumentCache full:https://registry.npmjs.org/@rollup%2frollup-linux-ppc64-gnu set size:undefined disposed:false
565 silly fetch manifest @rollup/rollup-openharmony-arm64@4.62.2
566 silly packumentCache full:https://registry.npmjs.org/@rollup%2frollup-openharmony-arm64 cache-miss
567 http fetch GET 200 https://registry.npmjs.org/@rollup%2frollup-linux-s390x-gnu 130ms (cache miss)
568 silly packumentCache full:https://registry.npmjs.org/@rollup%2frollup-linux-s390x-gnu set size:undefined disposed:false
569 http fetch GET 200 https://registry.npmjs.org/@rollup%2frollup-linux-arm-musleabihf 292ms (cache miss)
570 silly packumentCache full:https://registry.npmjs.org/@rollup%2frollup-linux-arm-musleabihf set size:undefined disposed:false
571 http fetch GET 200 https://registry.npmjs.org/@rollup%2frollup-win32-x64-msvc 109ms (cache miss)
572 silly packumentCache full:https://registry.npmjs.org/@rollup%2frollup-win32-x64-msvc set size:undefined disposed:false
573 http fetch GET 200 https://registry.npmjs.org/@rollup%2frollup-freebsd-x64 190ms (cache miss)
574 silly packumentCache full:https://registry.npmjs.org/@rollup%2frollup-freebsd-x64 set size:undefined disposed:false
575 http fetch GET 200 https://registry.npmjs.org/@rollup%2frollup-linux-x64-musl 173ms (cache miss)
576 silly packumentCache full:https://registry.npmjs.org/@rollup%2frollup-linux-x64-musl set size:undefined disposed:false
577 http fetch GET 200 https://registry.npmjs.org/@rollup%2frollup-openharmony-arm64 146ms (cache miss)
578 silly packumentCache full:https://registry.npmjs.org/@rollup%2frollup-openharmony-arm64 set size:undefined disposed:false
579 http fetch GET 200 https://registry.npmjs.org/@rollup%2frollup-android-arm-eabi 451ms (cache miss)
580 silly packumentCache full:https://registry.npmjs.org/@rollup%2frollup-android-arm-eabi set size:undefined disposed:false
581 http fetch GET 200 https://registry.npmjs.org/@rollup%2frollup-openbsd-x64 157ms (cache miss)
582 silly packumentCache full:https://registry.npmjs.org/@rollup%2frollup-openbsd-x64 set size:undefined disposed:false
583 http fetch GET 200 https://registry.npmjs.org/@rollup%2frollup-linux-x64-gnu 221ms (cache miss)
584 silly packumentCache full:https://registry.npmjs.org/@rollup%2frollup-linux-x64-gnu set size:undefined disposed:false
585 http fetch GET 200 https://registry.npmjs.org/@rollup%2frollup-freebsd-arm64 657ms (cache miss)
586 silly packumentCache full:https://registry.npmjs.org/@rollup%2frollup-freebsd-arm64 set size:undefined disposed:false
587 http fetch GET 200 https://registry.npmjs.org/@rollup%2frollup-darwin-x64 453ms (cache miss)
588 silly packumentCache full:https://registry.npmjs.org/@rollup%2frollup-darwin-x64 set size:undefined disposed:false
589 silly placeDep ROOT @esbuild/aix-ppc64@0.21.5 OK for: esbuild@0.21.5 want: 0.21.5
590 silly placeDep ROOT @esbuild/android-arm@0.21.5 OK for: esbuild@0.21.5 want: 0.21.5
591 silly placeDep ROOT @esbuild/android-arm64@0.21.5 OK for: esbuild@0.21.5 want: 0.21.5
592 silly placeDep ROOT @esbuild/android-x64@0.21.5 OK for: esbuild@0.21.5 want: 0.21.5
593 silly placeDep ROOT @esbuild/darwin-arm64@0.21.5 OK for: esbuild@0.21.5 want: 0.21.5
594 silly placeDep ROOT @esbuild/darwin-x64@0.21.5 OK for: esbuild@0.21.5 want: 0.21.5
595 silly placeDep ROOT @esbuild/freebsd-arm64@0.21.5 OK for: esbuild@0.21.5 want: 0.21.5
596 silly placeDep ROOT @esbuild/freebsd-x64@0.21.5 OK for: esbuild@0.21.5 want: 0.21.5
597 silly placeDep ROOT @esbuild/linux-arm@0.21.5 OK for: esbuild@0.21.5 want: 0.21.5
598 silly placeDep ROOT @esbuild/linux-arm64@0.21.5 OK for: esbuild@0.21.5 want: 0.21.5
599 silly placeDep ROOT @esbuild/linux-ia32@0.21.5 OK for: esbuild@0.21.5 want: 0.21.5
600 silly placeDep ROOT @esbuild/linux-loong64@0.21.5 OK for: esbuild@0.21.5 want: 0.21.5
601 silly placeDep ROOT @esbuild/linux-mips64el@0.21.5 OK for: esbuild@0.21.5 want: 0.21.5
602 silly placeDep ROOT @esbuild/linux-ppc64@0.21.5 OK for: esbuild@0.21.5 want: 0.21.5
603 silly placeDep ROOT @esbuild/linux-riscv64@0.21.5 OK for: esbuild@0.21.5 want: 0.21.5
604 silly placeDep ROOT @esbuild/linux-s390x@0.21.5 OK for: esbuild@0.21.5 want: 0.21.5
605 silly placeDep ROOT @esbuild/linux-x64@0.21.5 OK for: esbuild@0.21.5 want: 0.21.5
606 silly placeDep ROOT @esbuild/netbsd-x64@0.21.5 OK for: esbuild@0.21.5 want: 0.21.5
607 silly placeDep ROOT @esbuild/openbsd-x64@0.21.5 OK for: esbuild@0.21.5 want: 0.21.5
608 silly placeDep ROOT @esbuild/sunos-x64@0.21.5 OK for: esbuild@0.21.5 want: 0.21.5
609 silly placeDep ROOT @esbuild/win32-arm64@0.21.5 OK for: esbuild@0.21.5 want: 0.21.5
610 silly placeDep ROOT @esbuild/win32-ia32@0.21.5 OK for: esbuild@0.21.5 want: 0.21.5
611 silly placeDep ROOT @esbuild/win32-x64@0.21.5 OK for: esbuild@0.21.5 want: 0.21.5
612 silly placeDep ROOT nanoid@3.3.16 OK for: postcss@8.5.20 want: ^3.3.16
613 silly placeDep ROOT source-map-js@1.2.1 OK for: postcss@8.5.20 want: ^1.2.1
614 silly placeDep ROOT @rollup/rollup-android-arm-eabi@4.62.2 OK for: rollup@4.62.2 want: 4.62.2
615 silly placeDep ROOT @rollup/rollup-android-arm64@4.62.2 OK for: rollup@4.62.2 want: 4.62.2
616 silly placeDep ROOT @rollup/rollup-darwin-arm64@4.62.2 OK for: rollup@4.62.2 want: 4.62.2
617 silly placeDep ROOT @rollup/rollup-darwin-x64@4.62.2 OK for: rollup@4.62.2 want: 4.62.2
618 silly placeDep ROOT @rollup/rollup-freebsd-arm64@4.62.2 OK for: rollup@4.62.2 want: 4.62.2
619 silly placeDep ROOT @rollup/rollup-freebsd-x64@4.62.2 OK for: rollup@4.62.2 want: 4.62.2
620 silly placeDep ROOT @rollup/rollup-linux-arm-gnueabihf@4.62.2 OK for: rollup@4.62.2 want: 4.62.2
621 silly placeDep ROOT @rollup/rollup-linux-arm-musleabihf@4.62.2 OK for: rollup@4.62.2 want: 4.62.2
622 silly placeDep ROOT @rollup/rollup-linux-arm64-gnu@4.62.2 OK for: rollup@4.62.2 want: 4.62.2
623 silly placeDep ROOT @rollup/rollup-linux-arm64-musl@4.62.2 OK for: rollup@4.62.2 want: 4.62.2
624 silly placeDep ROOT @rollup/rollup-linux-loong64-gnu@4.62.2 OK for: rollup@4.62.2 want: 4.62.2
625 silly placeDep ROOT @rollup/rollup-linux-loong64-musl@4.62.2 OK for: rollup@4.62.2 want: 4.62.2
626 silly placeDep ROOT @rollup/rollup-linux-ppc64-gnu@4.62.2 OK for: rollup@4.62.2 want: 4.62.2
627 silly placeDep ROOT @rollup/rollup-linux-ppc64-musl@4.62.2 OK for: rollup@4.62.2 want: 4.62.2
628 silly placeDep ROOT @rollup/rollup-linux-riscv64-gnu@4.62.2 OK for: rollup@4.62.2 want: 4.62.2
629 silly placeDep ROOT @rollup/rollup-linux-riscv64-musl@4.62.2 OK for: rollup@4.62.2 want: 4.62.2
630 silly placeDep ROOT @rollup/rollup-linux-s390x-gnu@4.62.2 OK for: rollup@4.62.2 want: 4.62.2
631 silly placeDep ROOT @rollup/rollup-linux-x64-gnu@4.62.2 OK for: rollup@4.62.2 want: 4.62.2
632 silly placeDep ROOT @rollup/rollup-linux-x64-musl@4.62.2 OK for: rollup@4.62.2 want: 4.62.2
633 silly placeDep ROOT @rollup/rollup-openbsd-x64@4.62.2 OK for: rollup@4.62.2 want: 4.62.2
634 silly placeDep ROOT @rollup/rollup-openharmony-arm64@4.62.2 OK for: rollup@4.62.2 want: 4.62.2
635 silly placeDep ROOT @rollup/rollup-win32-arm64-msvc@4.62.2 OK for: rollup@4.62.2 want: 4.62.2
636 silly placeDep ROOT @rollup/rollup-win32-ia32-msvc@4.62.2 OK for: rollup@4.62.2 want: 4.62.2
637 silly placeDep ROOT @rollup/rollup-win32-x64-gnu@4.62.2 OK for: rollup@4.62.2 want: 4.62.2
638 silly placeDep ROOT @rollup/rollup-win32-x64-msvc@4.62.2 OK for: rollup@4.62.2 want: 4.62.2
639 silly placeDep ROOT @types/estree@1.0.9 OK for: rollup@4.62.2 want: 1.0.9
640 silly reify moves {}
641 verbose reify failed optional dependency C:\Users\ksura\OneDrive\Documents\Pet_adoption\node_modules\@rollup\rollup-win32-ia32-msvc
642 silly reify mark deleted [
642 silly reify   'C:\\Users\\ksura\\OneDrive\\Documents\\Pet_adoption\\node_modules\\@rollup\\rollup-win32-ia32-msvc'
642 silly reify ]
643 verbose reify failed optional dependency C:\Users\ksura\OneDrive\Documents\Pet_adoption\node_modules\@rollup\rollup-win32-arm64-msvc
644 silly reify mark deleted [
644 silly reify   'C:\\Users\\ksura\\OneDrive\\Documents\\Pet_adoption\\node_modules\\@rollup\\rollup-win32-arm64-msvc'
644 silly reify ]
645 verbose reify failed optional dependency C:\Users\ksura\OneDrive\Documents\Pet_adoption\node_modules\@rollup\rollup-openharmony-arm64
646 silly reify mark deleted [
646 silly reify   'C:\\Users\\ksura\\OneDrive\\Documents\\Pet_adoption\\node_modules\\@rollup\\rollup-openharmony-arm64'
646 silly reify ]
647 verbose reify failed optional dependency C:\Users\ksura\OneDrive\Documents\Pet_adoption\node_modules\@rollup\rollup-openbsd-x64
648 silly reify mark deleted [
648 silly reify   'C:\\Users\\ksura\\OneDrive\\Documents\\Pet_adoption\\node_modules\\@rollup\\rollup-openbsd-x64'
648 silly reify ]
649 verbose reify failed optional dependency C:\Users\ksura\OneDrive\Documents\Pet_adoption\node_modules\@rollup\rollup-linux-x64-musl
650 silly reify mark deleted [
650 silly reify   'C:\\Users\\ksura\\OneDrive\\Documents\\Pet_adoption\\node_modules\\@rollup\\rollup-linux-x64-musl'
650 silly reify ]
651 verbose reify failed optional dependency C:\Users\ksura\OneDrive\Documents\Pet_adoption\node_modules\@rollup\rollup-linux-x64-gnu
652 silly reify mark deleted [
652 silly reify   'C:\\Users\\ksura\\OneDrive\\Documents\\Pet_adoption\\node_modules\\@rollup\\rollup-linux-x64-gnu'
652 silly reify ]
653 verbose reify failed optional dependency C:\Users\ksura\OneDrive\Documents\Pet_adoption\node_modules\@rollup\rollup-linux-s390x-gnu
654 silly reify mark deleted [
654 silly reify   'C:\\Users\\ksura\\OneDrive\\Documents\\Pet_adoption\\node_modules\\@rollup\\rollup-linux-s390x-gnu'
654 silly reify ]
655 verbose reify failed optional dependency C:\Users\ksura\OneDrive\Documents\Pet_adoption\node_modules\@rollup\rollup-linux-riscv64-musl
656 silly reify mark deleted [
656 silly reify   'C:\\Users\\ksura\\OneDrive\\Documents\\Pet_adoption\\node_modules\\@rollup\\rollup-linux-riscv64-musl'
656 silly reify ]
657 verbose reify failed optional dependency C:\Users\ksura\OneDrive\Documents\Pet_adoption\node_modules\@rollup\rollup-linux-riscv64-gnu
658 silly reify mark deleted [
658 silly reify   'C:\\Users\\ksura\\OneDrive\\Documents\\Pet_adoption\\node_modules\\@rollup\\rollup-linux-riscv64-gnu'
658 silly reify ]
659 verbose reify failed optional dependency C:\Users\ksura\OneDrive\Documents\Pet_adoption\node_modules\@rollup\rollup-linux-ppc64-musl
660 silly reify mark deleted [
660 silly reify   'C:\\Users\\ksura\\OneDrive\\Documents\\Pet_adoption\\node_modules\\@rollup\\rollup-linux-ppc64-musl'
660 silly reify ]
661 verbose reify failed optional dependency C:\Users\ksura\OneDrive\Documents\Pet_adoption\node_modules\@rollup\rollup-linux-ppc64-gnu
662 silly reify mark deleted [
662 silly reify   'C:\\Users\\ksura\\OneDrive\\Documents\\Pet_adoption\\node_modules\\@rollup\\rollup-linux-ppc64-gnu'
662 silly reify ]
663 verbose reify failed optional dependency C:\Users\ksura\OneDrive\Documents\Pet_adoption\node_modules\@rollup\rollup-linux-loong64-musl
664 silly reify mark deleted [
664 silly reify   'C:\\Users\\ksura\\OneDrive\\Documents\\Pet_adoption\\node_modules\\@rollup\\rollup-linux-loong64-musl'
664 silly reify ]
665 verbose reify failed optional dependency C:\Users\ksura\OneDrive\Documents\Pet_adoption\node_modules\@rollup\rollup-linux-loong64-gnu
666 silly reify mark deleted [
666 silly reify   'C:\\Users\\ksura\\OneDrive\\Documents\\Pet_adoption\\node_modules\\@rollup\\rollup-linux-loong64-gnu'
666 silly reify ]
667 verbose reify failed optional dependency C:\Users\ksura\OneDrive\Documents\Pet_adoption\node_modules\@rollup\rollup-linux-arm64-musl
668 silly reify mark deleted [
668 silly reify   'C:\\Users\\ksura\\OneDrive\\Documents\\Pet_adoption\\node_modules\\@rollup\\rollup-linux-arm64-musl'
668 silly reify ]
669 verbose reify failed optional dependency C:\Users\ksura\OneDrive\Documents\Pet_adoption\node_modules\@rollup\rollup-linux-arm64-gnu
670 silly reify mark deleted [
670 silly reify   'C:\\Users\\ksura\\OneDrive\\Documents\\Pet_adoption\\node_modules\\@rollup\\rollup-linux-arm64-gnu'
670 silly reify ]
671 verbose reify failed optional dependency C:\Users\ksura\OneDrive\Documents\Pet_adoption\node_modules\@rollup\rollup-linux-arm-musleabihf
672 silly reify mark deleted [
672 silly reify   'C:\\Users\\ksura\\OneDrive\\Documents\\Pet_adoption\\node_modules\\@rollup\\rollup-linux-arm-musleabihf'
672 silly reify ]
673 verbose reify failed optional dependency C:\Users\ksura\OneDrive\Documents\Pet_adoption\node_modules\@rollup\rollup-linux-arm-gnueabihf
674 silly reify mark deleted [
674 silly reify   'C:\\Users\\ksura\\OneDrive\\Documents\\Pet_adoption\\node_modules\\@rollup\\rollup-linux-arm-gnueabihf'
674 silly reify ]
675 verbose reify failed optional dependency C:\Users\ksura\OneDrive\Documents\Pet_adoption\node_modules\@rollup\rollup-freebsd-x64
676 silly reify mark deleted [
676 silly reify   'C:\\Users\\ksura\\OneDrive\\Documents\\Pet_adoption\\node_modules\\@rollup\\rollup-freebsd-x64'
676 silly reify ]
677 verbose reify failed optional dependency C:\Users\ksura\OneDrive\Documents\Pet_adoption\node_modules\@rollup\rollup-freebsd-arm64
678 silly reify mark deleted [
678 silly reify   'C:\\Users\\ksura\\OneDrive\\Documents\\Pet_adoption\\node_modules\\@rollup\\rollup-freebsd-arm64'
678 silly reify ]
679 verbose reify failed optional dependency C:\Users\ksura\OneDrive\Documents\Pet_adoption\node_modules\@rollup\rollup-darwin-x64
680 silly reify mark deleted [
680 silly reify   'C:\\Users\\ksura\\OneDrive\\Documents\\Pet_adoption\\node_modules\\@rollup\\rollup-darwin-x64'
680 silly reify ]
681 verbose reify failed optional dependency C:\Users\ksura\OneDrive\Documents\Pet_adoption\node_modules\@rollup\rollup-darwin-arm64
682 silly reify mark deleted [
682 silly reify   'C:\\Users\\ksura\\OneDrive\\Documents\\Pet_adoption\\node_modules\\@rollup\\rollup-darwin-arm64'
682 silly reify ]
683 verbose reify failed optional dependency C:\Users\ksura\OneDrive\Documents\Pet_adoption\node_modules\@rollup\rollup-android-arm64
684 silly reify mark deleted [
684 silly reify   'C:\\Users\\ksura\\OneDrive\\Documents\\Pet_adoption\\node_modules\\@rollup\\rollup-android-arm64'
684 silly reify ]
685 verbose reify failed optional dependency C:\Users\ksura\OneDrive\Documents\Pet_adoption\node_modules\@rollup\rollup-android-arm-eabi
686 silly reify mark deleted [
686 silly reify   'C:\\Users\\ksura\\OneDrive\\Documents\\Pet_adoption\\node_modules\\@rollup\\rollup-android-arm-eabi'
686 silly reify ]
687 verbose reify failed optional dependency C:\Users\ksura\OneDrive\Documents\Pet_adoption\node_modules\@esbuild\win32-ia32
688 silly reify mark deleted [
688 silly reify   'C:\\Users\\ksura\\OneDrive\\Documents\\Pet_adoption\\node_modules\\@esbuild\\win32-ia32'
688 silly reify ]
689 verbose reify failed optional dependency C:\Users\ksura\OneDrive\Documents\Pet_adoption\node_modules\@esbuild\win32-arm64
690 silly reify mark deleted [
690 silly reify   'C:\\Users\\ksura\\OneDrive\\Documents\\Pet_adoption\\node_modules\\@esbuild\\win32-arm64'
690 silly reify ]
691 verbose reify failed optional dependency C:\Users\ksura\OneDrive\Documents\Pet_adoption\node_modules\@esbuild\sunos-x64
692 silly reify mark deleted [
692 silly reify   'C:\\Users\\ksura\\OneDrive\\Documents\\Pet_adoption\\node_modules\\@esbuild\\sunos-x64'
692 silly reify ]
693 verbose reify failed optional dependency C:\Users\ksura\OneDrive\Documents\Pet_adoption\node_modules\@esbuild\openbsd-x64
694 silly reify mark deleted [
694 silly reify   'C:\\Users\\ksura\\OneDrive\\Documents\\Pet_adoption\\node_modules\\@esbuild\\openbsd-x64'
694 silly reify ]
695 verbose reify failed optional dependency C:\Users\ksura\OneDrive\Documents\Pet_adoption\node_modules\@esbuild\netbsd-x64
696 silly reify mark deleted [
696 silly reify   'C:\\Users\\ksura\\OneDrive\\Documents\\Pet_adoption\\node_modules\\@esbuild\\netbsd-x64'
696 silly reify ]
697 verbose reify failed optional dependency C:\Users\ksura\OneDrive\Documents\Pet_adoption\node_modules\@esbuild\linux-x64
698 silly reify mark deleted [
698 silly reify   'C:\\Users\\ksura\\OneDrive\\Documents\\Pet_adoption\\node_modules\\@esbuild\\linux-x64'
698 silly reify ]
699 verbose reify failed optional dependency C:\Users\ksura\OneDrive\Documents\Pet_adoption\node_modules\@esbuild\linux-s390x
700 silly reify mark deleted [
700 silly reify   'C:\\Users\\ksura\\OneDrive\\Documents\\Pet_adoption\\node_modules\\@esbuild\\linux-s390x'
700 silly reify ]
701 verbose reify failed optional dependency C:\Users\ksura\OneDrive\Documents\Pet_adoption\node_modules\@esbuild\linux-riscv64
702 silly reify mark deleted [
702 silly reify   'C:\\Users\\ksura\\OneDrive\\Documents\\Pet_adoption\\node_modules\\@esbuild\\linux-riscv64'
702 silly reify ]
703 verbose reify failed optional dependency C:\Users\ksura\OneDrive\Documents\Pet_adoption\node_modules\@esbuild\linux-ppc64
704 silly reify mark deleted [
704 silly reify   'C:\\Users\\ksura\\OneDrive\\Documents\\Pet_adoption\\node_modules\\@esbuild\\linux-ppc64'
704 silly reify ]
705 verbose reify failed optional dependency C:\Users\ksura\OneDrive\Documents\Pet_adoption\node_modules\@esbuild\linux-mips64el
706 silly reify mark deleted [
706 silly reify   'C:\\Users\\ksura\\OneDrive\\Documents\\Pet_adoption\\node_modules\\@esbuild\\linux-mips64el'
706 silly reify ]
707 verbose reify failed optional dependency C:\Users\ksura\OneDrive\Documents\Pet_adoption\node_modules\@esbuild\linux-loong64
708 silly reify mark deleted [
708 silly reify   'C:\\Users\\ksura\\OneDrive\\Documents\\Pet_adoption\\node_modules\\@esbuild\\linux-loong64'
708 silly reify ]
709 verbose reify failed optional dependency C:\Users\ksura\OneDrive\Documents\Pet_adoption\node_modules\@esbuild\linux-ia32
710 silly reify mark deleted [
710 silly reify   'C:\\Users\\ksura\\OneDrive\\Documents\\Pet_adoption\\node_modules\\@esbuild\\linux-ia32'
710 silly reify ]
711 verbose reify failed optional dependency C:\Users\ksura\OneDrive\Documents\Pet_adoption\node_modules\@esbuild\linux-arm64
712 silly reify mark deleted [
712 silly reify   'C:\\Users\\ksura\\OneDrive\\Documents\\Pet_adoption\\node_modules\\@esbuild\\linux-arm64'
712 silly reify ]
713 verbose reify failed optional dependency C:\Users\ksura\OneDrive\Documents\Pet_adoption\node_modules\@esbuild\linux-arm
714 silly reify mark deleted [
714 silly reify   'C:\\Users\\ksura\\OneDrive\\Documents\\Pet_adoption\\node_modules\\@esbuild\\linux-arm'
714 silly reify ]
715 verbose reify failed optional dependency C:\Users\ksura\OneDrive\Documents\Pet_adoption\node_modules\@esbuild\freebsd-x64
716 silly reify mark deleted [
716 silly reify   'C:\\Users\\ksura\\OneDrive\\Documents\\Pet_adoption\\node_modules\\@esbuild\\freebsd-x64'
716 silly reify ]
717 verbose reify failed optional dependency C:\Users\ksura\OneDrive\Documents\Pet_adoption\node_modules\@esbuild\freebsd-arm64
718 silly reify mark deleted [
718 silly reify   'C:\\Users\\ksura\\OneDrive\\Documents\\Pet_adoption\\node_modules\\@esbuild\\freebsd-arm64'
718 silly reify ]
719 verbose reify failed optional dependency C:\Users\ksura\OneDrive\Documents\Pet_adoption\node_modules\@esbuild\darwin-x64
720 silly reify mark deleted [
720 silly reify   'C:\\Users\\ksura\\OneDrive\\Documents\\Pet_adoption\\node_modules\\@esbuild\\darwin-x64'
720 silly reify ]
721 verbose reify failed optional dependency C:\Users\ksura\OneDrive\Documents\Pet_adoption\node_modules\@esbuild\darwin-arm64
722 silly reify mark deleted [
722 silly reify   'C:\\Users\\ksura\\OneDrive\\Documents\\Pet_adoption\\node_modules\\@esbuild\\darwin-arm64'
722 silly reify ]
723 verbose reify failed optional dependency C:\Users\ksura\OneDrive\Documents\Pet_adoption\node_modules\@esbuild\android-x64
724 silly reify mark deleted [
724 silly reify   'C:\\Users\\ksura\\OneDrive\\Documents\\Pet_adoption\\node_modules\\@esbuild\\android-x64'
724 silly reify ]
725 verbose reify failed optional dependency C:\Users\ksura\OneDrive\Documents\Pet_adoption\node_modules\@esbuild\android-arm64
726 silly reify mark deleted [
726 silly reify   'C:\\Users\\ksura\\OneDrive\\Documents\\Pet_adoption\\node_modules\\@esbuild\\android-arm64'
726 silly reify ]
727 verbose reify failed optional dependency C:\Users\ksura\OneDrive\Documents\Pet_adoption\node_modules\@esbuild\android-arm
728 silly reify mark deleted [
728 silly reify   'C:\\Users\\ksura\\OneDrive\\Documents\\Pet_adoption\\node_modules\\@esbuild\\android-arm'
728 silly reify ]
729 verbose reify failed optional dependency C:\Users\ksura\OneDrive\Documents\Pet_adoption\node_modules\@esbuild\aix-ppc64
730 silly reify mark deleted [
730 silly reify   'C:\\Users\\ksura\\OneDrive\\Documents\\Pet_adoption\\node_modules\\@esbuild\\aix-ppc64'
730 silly reify ]
731 verbose reify failed optional dependency C:\Users\ksura\OneDrive\Documents\Pet_adoption\node_modules\fsevents
732 silly reify mark deleted [
732 silly reify   'C:\\Users\\ksura\\OneDrive\\Documents\\Pet_adoption\\node_modules\\fsevents'
732 silly reify ]
733 http cache @types/estree@https://registry.npmjs.org/@types/estree/-/estree-1.0.9.tgz 0ms (cache hit)
734 http cache @rollup/rollup-win32-x64-msvc@https://registry.npmjs.org/@rollup/rollup-win32-x64-msvc/-/rollup-win32-x64-msvc-4.62.2.tgz 0ms (cache hit)
735 http cache source-map-js@https://registry.npmjs.org/source-map-js/-/source-map-js-1.2.1.tgz 0ms (cache hit)
736 http cache nanoid@https://registry.npmjs.org/nanoid/-/nanoid-3.3.16.tgz 0ms (cache hit)
737 http cache postcss@https://registry.npmjs.org/postcss/-/postcss-8.5.20.tgz 0ms (cache hit)
738 http cache rollup@https://registry.npmjs.org/rollup/-/rollup-4.62.2.tgz 0ms (cache hit)
739 http cache escalade@https://registry.npmjs.org/escalade/-/escalade-3.2.0.tgz 0ms (cache hit)
740 http cache esbuild@https://registry.npmjs.org/esbuild/-/esbuild-0.21.5.tgz 1ms (cache hit)
741 http cache scheduler@https://registry.npmjs.org/scheduler/-/scheduler-0.23.2.tgz 0ms (cache hit)
742 http cache update-browserslist-db@https://registry.npmjs.org/update-browserslist-db/-/update-browserslist-db-1.2.3.tgz 0ms (cache hit)
743 http cache @rollup/rollup-win32-x64-gnu@https://registry.npmjs.org/@rollup/rollup-win32-x64-gnu/-/rollup-win32-x64-gnu-4.62.2.tgz 0ms (cache hit)
744 http cache @esbuild/win32-x64@https://registry.npmjs.org/@esbuild/win32-x64/-/win32-x64-0.21.5.tgz 0ms (cache hit)
745 http cache node-releases@https://registry.npmjs.org/node-releases/-/node-releases-2.0.51.tgz 0ms (cache hit)
746 http cache @types/babel__traverse@https://registry.npmjs.org/@types/babel__traverse/-/babel__traverse-7.28.0.tgz 0ms (cache hit)
747 http cache loose-envify@https://registry.npmjs.org/loose-envify/-/loose-envify-1.4.0.tgz 0ms (cache hit)
748 http cache electron-to-chromium@https://registry.npmjs.org/electron-to-chromium/-/electron-to-chromium-1.5.394.tgz 0ms (cache hit)
749 http cache baseline-browser-mapping@https://registry.npmjs.org/baseline-browser-mapping/-/baseline-browser-mapping-2.10.44.tgz 0ms (cache hit)
750 http cache caniuse-lite@https://registry.npmjs.org/caniuse-lite/-/caniuse-lite-1.0.30001806.tgz 0ms (cache hit)
751 http cache @jridgewell/sourcemap-codec@https://registry.npmjs.org/@jridgewell/sourcemap-codec/-/sourcemap-codec-1.5.5.tgz 0ms (cache hit)
752 http cache @types/babel__generator@https://registry.npmjs.org/@types/babel__generator/-/babel__generator-7.27.0.tgz 0ms (cache hit)
753 http cache @babel/helper-string-parser@https://registry.npmjs.org/@babel/helper-string-parser/-/helper-string-parser-7.29.7.tgz 0ms (cache hit)
754 http cache @jridgewell/resolve-uri@https://registry.npmjs.org/@jridgewell/resolve-uri/-/resolve-uri-3.1.2.tgz 0ms (cache hit)
755 http cache @babel/helper-globals@https://registry.npmjs.org/@babel/helper-globals/-/helper-globals-7.29.7.tgz 0ms (cache hit)
756 http cache @babel/helper-module-imports@https://registry.npmjs.org/@babel/helper-module-imports/-/helper-module-imports-7.29.7.tgz 0ms (cache hit)
757 http cache lru-cache@https://registry.npmjs.org/lru-cache/-/lru-cache-5.1.1.tgz 0ms (cache hit)
758 http cache @babel/helper-plugin-utils@https://registry.npmjs.org/@babel/helper-plugin-utils/-/helper-plugin-utils-7.29.7.tgz 0ms (cache hit)
759 http cache browserslist@https://registry.npmjs.org/browserslist/-/browserslist-4.28.6.tgz 0ms (cache hit)
760 http cache @babel/helper-validator-option@https://registry.npmjs.org/@babel/helper-validator-option/-/helper-validator-option-7.29.7.tgz 0ms (cache hit)
761 http cache @types/babel__template@https://registry.npmjs.org/@types/babel__template/-/babel__template-7.4.4.tgz 0ms (cache hit)
762 http cache @babel/compat-data@https://registry.npmjs.org/@babel/compat-data/-/compat-data-7.29.7.tgz 0ms (cache hit)
763 http cache yallist@https://registry.npmjs.org/yallist/-/yallist-3.1.1.tgz 0ms (cache hit)
764 http cache ms@https://registry.npmjs.org/ms/-/ms-2.1.3.tgz 0ms (cache hit)
765 http cache jsesc@https://registry.npmjs.org/jsesc/-/jsesc-3.1.0.tgz 0ms (cache hit)
766 http cache @jridgewell/gen-mapping@https://registry.npmjs.org/@jridgewell/gen-mapping/-/gen-mapping-0.3.13.tgz 0ms (cache hit)
767 http cache js-tokens@https://registry.npmjs.org/js-tokens/-/js-tokens-4.0.0.tgz 0ms (cache hit)
768 http cache @babel/helper-validator-identifier@https://registry.npmjs.org/@babel/helper-validator-identifier/-/helper-validator-identifier-7.29.7.tgz 0ms (cache hit)
769 http cache semver@https://registry.npmjs.org/semver/-/semver-6.3.1.tgz 0ms (cache hit)
770 http cache json5@https://registry.npmjs.org/json5/-/json5-2.2.3.tgz 0ms (cache hit)
771 http cache @jridgewell/remapping@https://registry.npmjs.org/@jridgewell/remapping/-/remapping-2.3.5.tgz 0ms (cache hit)
772 http cache @babel/types@https://registry.npmjs.org/@babel/types/-/types-7.29.7.tgz 0ms (cache hit)
773 http cache @babel/traverse@https://registry.npmjs.org/@babel/traverse/-/traverse-7.29.7.tgz 0ms (cache hit)
774 http cache debug@https://registry.npmjs.org/debug/-/debug-4.4.3.tgz 0ms (cache hit)
775 http cache convert-source-map@https://registry.npmjs.org/convert-source-map/-/convert-source-map-2.0.0.tgz 0ms (cache hit)
776 http cache @jridgewell/trace-mapping@https://registry.npmjs.org/@jridgewell/trace-mapping/-/trace-mapping-0.3.31.tgz 0ms (cache hit)
777 http cache gensync@https://registry.npmjs.org/gensync/-/gensync-1.0.0-beta.2.tgz 0ms (cache hit)
778 http cache @babel/parser@https://registry.npmjs.org/@babel/parser/-/parser-7.29.7.tgz 0ms (cache hit)
779 http cache @babel/template@https://registry.npmjs.org/@babel/template/-/template-7.29.7.tgz 0ms (cache hit)
780 http cache @babel/helper-module-transforms@https://registry.npmjs.org/@babel/helper-module-transforms/-/helper-module-transforms-7.29.7.tgz 0ms (cache hit)
781 http cache @babel/generator@https://registry.npmjs.org/@babel/generator/-/generator-7.29.7.tgz 0ms (cache hit)
782 http cache picocolors@https://registry.npmjs.org/picocolors/-/picocolors-1.1.1.tgz 0ms (cache hit)
783 http cache react-refresh@https://registry.npmjs.org/react-refresh/-/react-refresh-0.14.2.tgz 0ms (cache hit)
784 http cache @types/babel__core@https://registry.npmjs.org/@types/babel__core/-/babel__core-7.20.5.tgz 0ms (cache hit)
785 http cache react-dom@https://registry.npmjs.org/react-dom/-/react-dom-18.2.0.tgz 0ms (cache hit)
786 http cache react@https://registry.npmjs.org/react/-/react-18.2.0.tgz 0ms (cache hit)
787 http cache @babel/plugin-transform-react-jsx-self@https://registry.npmjs.org/@babel/plugin-transform-react-jsx-self/-/plugin-transform-react-jsx-self-7.29.7.tgz 0ms (cache hit)
788 http cache @babel/plugin-transform-react-jsx-source@https://registry.npmjs.org/@babel/plugin-transform-react-jsx-source/-/plugin-transform-react-jsx-source-7.29.7.tgz 0ms (cache hit)
789 http cache vite@https://registry.npmjs.org/vite/-/vite-5.4.8.tgz 0ms (cache hit)
790 http cache @vitejs/plugin-react@https://registry.npmjs.org/@vitejs/plugin-react/-/plugin-react-4.3.1.tgz 0ms (cache hit)
791 http cache @babel/core@https://registry.npmjs.org/@babel/core/-/core-7.29.7.tgz 0ms (cache hit)
792 silly tarball no local data for @types/estree@https://registry.npmjs.org/@types/estree/-/estree-1.0.9.tgz. Extracting by manifest.
793 silly tarball no local data for @rollup/rollup-win32-x64-msvc@https://registry.npmjs.org/@rollup/rollup-win32-x64-msvc/-/rollup-win32-x64-msvc-4.62.2.tgz. Extracting by manifest.
794 silly tarball no local data for source-map-js@https://registry.npmjs.org/source-map-js/-/source-map-js-1.2.1.tgz. Extracting by manifest.
795 silly tarball no local data for nanoid@https://registry.npmjs.org/nanoid/-/nanoid-3.3.16.tgz. Extracting by manifest.
796 silly tarball no local data for postcss@https://registry.npmjs.org/postcss/-/postcss-8.5.20.tgz. Extracting by manifest.
797 silly tarball no local data for rollup@https://registry.npmjs.org/rollup/-/rollup-4.62.2.tgz. Extracting by manifest.
798 silly tarball no local data for escalade@https://registry.npmjs.org/escalade/-/escalade-3.2.0.tgz. Extracting by manifest.
799 silly tarball no local data for esbuild@https://registry.npmjs.org/esbuild/-/esbuild-0.21.5.tgz. Extracting by manifest.
800 silly tarball no local data for scheduler@https://registry.npmjs.org/scheduler/-/scheduler-0.23.2.tgz. Extracting by manifest.
801 silly tarball no local data for update-browserslist-db@https://registry.npmjs.org/update-browserslist-db/-/update-browserslist-db-1.2.3.tgz. Extracting by manifest.
802 silly tarball no local data for @rollup/rollup-win32-x64-gnu@https://registry.npmjs.org/@rollup/rollup-win32-x64-gnu/-/rollup-win32-x64-gnu-4.62.2.tgz. Extracting by manifest.
803 silly tarball no local data for @esbuild/win32-x64@https://registry.npmjs.org/@esbuild/win32-x64/-/win32-x64-0.21.5.tgz. Extracting by manifest.
804 silly tarball no local data for node-releases@https://registry.npmjs.org/node-releases/-/node-releases-2.0.51.tgz. Extracting by manifest.
805 silly tarball no local data for @types/babel__traverse@https://registry.npmjs.org/@types/babel__traverse/-/babel__traverse-7.28.0.tgz. Extracting by manifest.
806 silly tarball no local data for loose-envify@https://registry.npmjs.org/loose-envify/-/loose-envify-1.4.0.tgz. Extracting by manifest.
807 http cache @babel/code-frame@https://registry.npmjs.org/@babel/code-frame/-/code-frame-7.29.7.tgz 0ms (cache hit)
808 silly tarball no local data for electron-to-chromium@https://registry.npmjs.org/electron-to-chromium/-/electron-to-chromium-1.5.394.tgz. Extracting by manifest.
809 silly tarball no local data for baseline-browser-mapping@https://registry.npmjs.org/baseline-browser-mapping/-/baseline-browser-mapping-2.10.44.tgz. Extracting by manifest.
810 silly tarball no local data for caniuse-lite@https://registry.npmjs.org/caniuse-lite/-/caniuse-lite-1.0.30001806.tgz. Extracting by manifest.
811 silly tarball no local data for @jridgewell/sourcemap-codec@https://registry.npmjs.org/@jridgewell/sourcemap-codec/-/sourcemap-codec-1.5.5.tgz. Extracting by manifest.
812 silly tarball no local data for @types/babel__generator@https://registry.npmjs.org/@types/babel__generator/-/babel__generator-7.27.0.tgz. Extracting by manifest.
813 silly tarball no local data for @babel/helper-string-parser@https://registry.npmjs.org/@babel/helper-string-parser/-/helper-string-parser-7.29.7.tgz. Extracting by manifest.
814 silly tarball no local data for @jridgewell/resolve-uri@https://registry.npmjs.org/@jridgewell/resolve-uri/-/resolve-uri-3.1.2.tgz. Extracting by manifest.
815 silly tarball no local data for @babel/helper-globals@https://registry.npmjs.org/@babel/helper-globals/-/helper-globals-7.29.7.tgz. Extracting by manifest.
816 silly tarball no local data for @babel/helper-module-imports@https://registry.npmjs.org/@babel/helper-module-imports/-/helper-module-imports-7.29.7.tgz. Extracting by manifest.
817 silly tarball no local data for lru-cache@https://registry.npmjs.org/lru-cache/-/lru-cache-5.1.1.tgz. Extracting by manifest.
818 silly tarball no local data for @babel/helper-plugin-utils@https://registry.npmjs.org/@babel/helper-plugin-utils/-/helper-plugin-utils-7.29.7.tgz. Extracting by manifest.
819 silly tarball no local data for browserslist@https://registry.npmjs.org/browserslist/-/browserslist-4.28.6.tgz. Extracting by manifest.
820 silly tarball no local data for @babel/helper-validator-option@https://registry.npmjs.org/@babel/helper-validator-option/-/helper-validator-option-7.29.7.tgz. Extracting by manifest.
821 silly tarball no local data for @types/babel__template@https://registry.npmjs.org/@types/babel__template/-/babel__template-7.4.4.tgz. Extracting by manifest.
822 silly tarball no local data for @babel/compat-data@https://registry.npmjs.org/@babel/compat-data/-/compat-data-7.29.7.tgz. Extracting by manifest.
823 silly tarball no local data for yallist@https://registry.npmjs.org/yallist/-/yallist-3.1.1.tgz. Extracting by manifest.
824 silly tarball no local data for ms@https://registry.npmjs.org/ms/-/ms-2.1.3.tgz. Extracting by manifest.
825 silly tarball no local data for jsesc@https://registry.npmjs.org/jsesc/-/jsesc-3.1.0.tgz. Extracting by manifest.
826 silly tarball no local data for @jridgewell/gen-mapping@https://registry.npmjs.org/@jridgewell/gen-mapping/-/gen-mapping-0.3.13.tgz. Extracting by manifest.
827 silly tarball no local data for js-tokens@https://registry.npmjs.org/js-tokens/-/js-tokens-4.0.0.tgz. Extracting by manifest.
828 silly tarball no local data for @babel/helper-validator-identifier@https://registry.npmjs.org/@babel/helper-validator-identifier/-/helper-validator-identifier-7.29.7.tgz. Extracting by manifest.
829 silly tarball no local data for semver@https://registry.npmjs.org/semver/-/semver-6.3.1.tgz. Extracting by manifest.
830 silly tarball no local data for json5@https://registry.npmjs.org/json5/-/json5-2.2.3.tgz. Extracting by manifest.
831 silly tarball no local data for @jridgewell/remapping@https://registry.npmjs.org/@jridgewell/remapping/-/remapping-2.3.5.tgz. Extracting by manifest.
832 silly tarball no local data for @babel/types@https://registry.npmjs.org/@babel/types/-/types-7.29.7.tgz. Extracting by manifest.
833 silly tarball no local data for @babel/traverse@https://registry.npmjs.org/@babel/traverse/-/traverse-7.29.7.tgz. Extracting by manifest.
834 silly tarball no local data for debug@https://registry.npmjs.org/debug/-/debug-4.4.3.tgz. Extracting by manifest.
835 silly tarball no local data for convert-source-map@https://registry.npmjs.org/convert-source-map/-/convert-source-map-2.0.0.tgz. Extracting by manifest.
836 silly tarball no local data for @jridgewell/trace-mapping@https://registry.npmjs.org/@jridgewell/trace-mapping/-/trace-mapping-0.3.31.tgz. Extracting by manifest.
837 silly tarball no local data for gensync@https://registry.npmjs.org/gensync/-/gensync-1.0.0-beta.2.tgz. Extracting by manifest.
838 silly tarball no local data for @babel/parser@https://registry.npmjs.org/@babel/parser/-/parser-7.29.7.tgz. Extracting by manifest.
839 silly tarball no local data for @babel/template@https://registry.npmjs.org/@babel/template/-/template-7.29.7.tgz. Extracting by manifest.
840 silly tarball no local data for @babel/helper-module-transforms@https://registry.npmjs.org/@babel/helper-module-transforms/-/helper-module-transforms-7.29.7.tgz. Extracting by manifest.
841 silly tarball no local data for @babel/generator@https://registry.npmjs.org/@babel/generator/-/generator-7.29.7.tgz. Extracting by manifest.
842 silly tarball no local data for picocolors@https://registry.npmjs.org/picocolors/-/picocolors-1.1.1.tgz. Extracting by manifest.
843 silly tarball no local data for react-refresh@https://registry.npmjs.org/react-refresh/-/react-refresh-0.14.2.tgz. Extracting by manifest.
844 silly tarball no local data for @types/babel__core@https://registry.npmjs.org/@types/babel__core/-/babel__core-7.20.5.tgz. Extracting by manifest.
845 silly tarball no local data for react-dom@https://registry.npmjs.org/react-dom/-/react-dom-18.2.0.tgz. Extracting by manifest.
846 silly tarball no local data for react@https://registry.npmjs.org/react/-/react-18.2.0.tgz. Extracting by manifest.
847 silly tarball no local data for @babel/plugin-transform-react-jsx-self@https://registry.npmjs.org/@babel/plugin-transform-react-jsx-self/-/plugin-transform-react-jsx-self-7.29.7.tgz. Extracting by manifest.
848 silly tarball no local data for @babel/plugin-transform-react-jsx-source@https://registry.npmjs.org/@babel/plugin-transform-react-jsx-source/-/plugin-transform-react-jsx-source-7.29.7.tgz. Extracting by manifest.
849 silly tarball no local data for vite@https://registry.npmjs.org/vite/-/vite-5.4.8.tgz. Extracting by manifest.
850 silly tarball no local data for @vitejs/plugin-react@https://registry.npmjs.org/@vitejs/plugin-react/-/plugin-react-4.3.1.tgz. Extracting by manifest.
851 silly tarball no local data for @babel/core@https://registry.npmjs.org/@babel/core/-/core-7.29.7.tgz. Extracting by manifest.
852 http cache @babel/helpers@https://registry.npmjs.org/@babel/helpers/-/helpers-7.29.7.tgz 0ms (cache hit)
853 http cache @babel/helper-compilation-targets@https://registry.npmjs.org/@babel/helper-compilation-targets/-/helper-compilation-targets-7.29.7.tgz 0ms (cache hit)
854 silly tarball no local data for @babel/code-frame@https://registry.npmjs.org/@babel/code-frame/-/code-frame-7.29.7.tgz. Extracting by manifest.
855 silly tarball no local data for @babel/helpers@https://registry.npmjs.org/@babel/helpers/-/helpers-7.29.7.tgz. Extracting by manifest.
856 silly tarball no local data for @babel/helper-compilation-targets@https://registry.npmjs.org/@babel/helper-compilation-targets/-/helper-compilation-targets-7.29.7.tgz. Extracting by manifest.
857 http fetch GET 200 https://registry.npmjs.org/@types/estree/-/estree-1.0.9.tgz 230ms (cache miss)
858 http fetch GET 200 https://registry.npmjs.org/update-browserslist-db/-/update-browserslist-db-1.2.3.tgz 227ms (cache miss)
859 http fetch GET 200 https://registry.npmjs.org/escalade/-/escalade-3.2.0.tgz 286ms (cache miss)
860 http fetch GET 200 https://registry.npmjs.org/esbuild/-/esbuild-0.21.5.tgz 289ms (cache miss)
861 http fetch GET 200 https://registry.npmjs.org/nanoid/-/nanoid-3.3.16.tgz 481ms (cache miss)
862 http fetch GET 200 https://registry.npmjs.org/source-map-js/-/source-map-js-1.2.1.tgz 497ms (cache miss)
863 http fetch GET 200 https://registry.npmjs.org/scheduler/-/scheduler-0.23.2.tgz 528ms (cache miss)
864 http fetch GET 200 https://registry.npmjs.org/@types/babel__generator/-/babel__generator-7.27.0.tgz 697ms (cache miss)
865 http fetch GET 200 https://registry.npmjs.org/baseline-browser-mapping/-/baseline-browser-mapping-2.10.44.tgz 728ms (cache miss)
866 http fetch GET 200 https://registry.npmjs.org/@babel/helper-string-parser/-/helper-string-parser-7.29.7.tgz 734ms (cache miss)
867 http fetch GET 200 https://registry.npmjs.org/electron-to-chromium/-/electron-to-chromium-1.5.394.tgz 768ms (cache miss)
868 http fetch GET 200 https://registry.npmjs.org/@jridgewell/resolve-uri/-/resolve-uri-3.1.2.tgz 902ms (cache miss)
869 http fetch GET 200 https://registry.npmjs.org/@types/babel__traverse/-/babel__traverse-7.28.0.tgz 994ms (cache miss)
870 http fetch GET 200 https://registry.npmjs.org/lru-cache/-/lru-cache-5.1.1.tgz 1094ms (cache miss)
871 http fetch GET 200 https://registry.npmjs.org/@babel/helper-plugin-utils/-/helper-plugin-utils-7.29.7.tgz 1136ms (cache miss)
872 http fetch GET 200 https://registry.npmjs.org/@babel/helper-globals/-/helper-globals-7.29.7.tgz 1141ms (cache miss)
873 http fetch GET 200 https://registry.npmjs.org/node-releases/-/node-releases-2.0.51.tgz 1216ms (cache miss)
874 http fetch GET 200 https://registry.npmjs.org/loose-envify/-/loose-envify-1.4.0.tgz 1219ms (cache miss)
875 http fetch GET 200 https://registry.npmjs.org/@rollup/rollup-win32-x64-gnu/-/rollup-win32-x64-gnu-4.62.2.tgz 1256ms (cache miss)
876 http fetch GET 200 https://registry.npmjs.org/browserslist/-/browserslist-4.28.6.tgz 1250ms (cache miss)
877 http fetch GET 200 https://registry.npmjs.org/@babel/helper-module-imports/-/helper-module-imports-7.29.7.tgz 1309ms (cache miss)
878 http fetch GET 200 https://registry.npmjs.org/@types/babel__template/-/babel__template-7.4.4.tgz 1325ms (cache miss)
879 http fetch GET 200 https://registry.npmjs.org/@babel/helper-validator-option/-/helper-validator-option-7.29.7.tgz 1336ms (cache miss)
880 http fetch GET 200 https://registry.npmjs.org/@rollup/rollup-win32-x64-msvc/-/rollup-win32-x64-msvc-4.62.2.tgz 1367ms (cache miss)
881 http fetch GET 200 https://registry.npmjs.org/jsesc/-/jsesc-3.1.0.tgz 1423ms (cache miss)
882 http fetch GET 200 https://registry.npmjs.org/ms/-/ms-2.1.3.tgz 1466ms (cache miss)
883 http fetch GET 200 https://registry.npmjs.org/@babel/compat-data/-/compat-data-7.29.7.tgz 1529ms (cache miss)
884 http fetch GET 200 https://registry.npmjs.org/yallist/-/yallist-3.1.1.tgz 1588ms (cache miss)
885 http fetch GET 200 https://registry.npmjs.org/semver/-/semver-6.3.1.tgz 1658ms (cache miss)
886 http fetch GET 200 https://registry.npmjs.org/rollup/-/rollup-4.62.2.tgz 1703ms (cache miss)
887 http fetch GET 200 https://registry.npmjs.org/js-tokens/-/js-tokens-4.0.0.tgz 1690ms (cache miss)
888 http fetch GET 200 https://registry.npmjs.org/convert-source-map/-/convert-source-map-2.0.0.tgz 1720ms (cache miss)
889 http fetch GET 200 https://registry.npmjs.org/postcss/-/postcss-8.5.20.tgz 1761ms (cache miss)
890 http fetch GET 200 https://registry.npmjs.org/@jridgewell/sourcemap-codec/-/sourcemap-codec-1.5.5.tgz 1756ms (cache miss)
891 http fetch GET 200 https://registry.npmjs.org/@babel/helper-validator-identifier/-/helper-validator-identifier-7.29.7.tgz 1796ms (cache miss)
892 http fetch GET 200 https://registry.npmjs.org/gensync/-/gensync-1.0.0-beta.2.tgz 1883ms (cache miss)
893 http fetch GET 200 https://registry.npmjs.org/debug/-/debug-4.4.3.tgz 1917ms (cache miss)
894 http fetch GET 200 https://registry.npmjs.org/json5/-/json5-2.2.3.tgz 1991ms (cache miss)
895 http fetch GET 200 https://registry.npmjs.org/picocolors/-/picocolors-1.1.1.tgz 2106ms (cache miss)
896 http fetch GET 200 https://registry.npmjs.org/react-refresh/-/react-refresh-0.14.2.tgz 2538ms (cache miss)
897 http fetch GET 200 https://registry.npmjs.org/@jridgewell/gen-mapping/-/gen-mapping-0.3.13.tgz 2729ms (cache miss)
898 http fetch GET 200 https://registry.npmjs.org/@types/babel__core/-/babel__core-7.20.5.tgz 2737ms (cache miss)
899 http fetch GET 200 https://registry.npmjs.org/@babel/helper-module-transforms/-/helper-module-transforms-7.29.7.tgz 2837ms (cache miss)
900 http fetch GET 200 https://registry.npmjs.org/@babel/plugin-transform-react-jsx-self/-/plugin-transform-react-jsx-self-7.29.7.tgz 2833ms (cache miss)
901 http fetch GET 200 https://registry.npmjs.org/@babel/code-frame/-/code-frame-7.29.7.tgz 2895ms (cache miss)
902 http fetch GET 200 https://registry.npmjs.org/react/-/react-18.2.0.tgz 3084ms (cache miss)
903 http fetch GET 200 https://registry.npmjs.org/@babel/plugin-transform-react-jsx-source/-/plugin-transform-react-jsx-source-7.29.7.tgz 3125ms (cache miss)
904 http fetch GET 200 https://registry.npmjs.org/@babel/parser/-/parser-7.29.7.tgz 3169ms (cache miss)
905 http fetch GET 200 https://registry.npmjs.org/@babel/template/-/template-7.29.7.tgz 3196ms (cache miss)
906 http fetch GET 200 https://registry.npmjs.org/@jridgewell/remapping/-/remapping-2.3.5.tgz 3212ms (cache miss)
907 http fetch GET 200 https://registry.npmjs.org/@vitejs/plugin-react/-/plugin-react-4.3.1.tgz 3453ms (cache miss)
908 http fetch GET 200 https://registry.npmjs.org/@babel/helper-compilation-targets/-/helper-compilation-targets-7.29.7.tgz 3555ms (cache miss)
909 http fetch GET 200 https://registry.npmjs.org/@babel/generator/-/generator-7.29.7.tgz 3792ms (cache miss)
910 http fetch GET 200 https://registry.npmjs.org/@jridgewell/trace-mapping/-/trace-mapping-0.3.31.tgz 4004ms (cache miss)
911 http fetch GET 200 https://registry.npmjs.org/@babel/traverse/-/traverse-7.29.7.tgz 4243ms (cache miss)
912 http fetch GET 200 https://registry.npmjs.org/@esbuild/win32-x64/-/win32-x64-0.21.5.tgz 4275ms (cache miss)
913 http fetch GET 200 https://registry.npmjs.org/react-dom/-/react-dom-18.2.0.tgz 4310ms (cache miss)
914 http fetch GET 200 https://registry.npmjs.org/vite/-/vite-5.4.8.tgz 4496ms (cache miss)
915 http fetch GET 200 https://registry.npmjs.org/@babel/types/-/types-7.29.7.tgz 5617ms (cache miss)
916 http fetch GET 200 https://registry.npmjs.org/@babel/core/-/core-7.29.7.tgz 5746ms (cache miss)
917 http fetch GET 200 https://registry.npmjs.org/@babel/helpers/-/helpers-7.29.7.tgz 6241ms (cache miss)
918 http fetch GET 200 https://registry.npmjs.org/caniuse-lite/-/caniuse-lite-1.0.30001806.tgz 6764ms (cache miss)
919 info run esbuild@0.21.5 postinstall node_modules/esbuild node install.js
920 info run esbuild@0.21.5 postinstall { code: 0, signal: null }
921 silly ADD node_modules/@types/estree
922 silly ADD node_modules/@rollup/rollup-win32-x64-msvc
923 silly ADD node_modules/@rollup/rollup-win32-x64-gnu
924 silly ADD
925 silly ADD
926 silly ADD
927 silly ADD
928 silly ADD
929 silly ADD
930 silly ADD
931 silly ADD
932 silly ADD
933 silly ADD
934 silly ADD
935 silly ADD
936 silly ADD
937 silly ADD
938 silly ADD
939 silly ADD
940 silly ADD
941 silly ADD
942 silly ADD
943 silly ADD
944 silly ADD
945 silly ADD
946 silly ADD
947 silly ADD node_modules/source-map-js
948 silly ADD node_modules/nanoid
949 silly ADD node_modules/@esbuild/win32-x64
950 silly ADD
951 silly ADD
952 silly ADD
953 silly ADD
954 silly ADD
955 silly ADD
956 silly ADD
957 silly ADD
958 silly ADD
959 silly ADD
960 silly ADD
961 silly ADD
962 silly ADD
963 silly ADD
964 silly ADD
965 silly ADD
966 silly ADD
967 silly ADD
968 silly ADD
969 silly ADD
970 silly ADD
971 silly ADD
972 silly ADD node_modules/rollup
973 silly ADD node_modules/postcss
974 silly ADD
975 silly ADD node_modules/esbuild
976 silly ADD node_modules/escalade
977 silly ADD node_modules/scheduler
978 silly ADD node_modules/loose-envify
979 silly ADD node_modules/yallist
980 silly ADD node_modules/ms
981 silly ADD node_modules/update-browserslist-db
982 silly ADD node_modules/node-releases
983 silly ADD node_modules/electron-to-chromium
984 silly ADD node_modules/caniuse-lite
985 silly ADD node_modules/baseline-browser-mapping
986 silly ADD node_modules/@types/babel__traverse
987 silly ADD node_modules/@types/babel__template
988 silly ADD node_modules/@types/babel__generator
989 silly ADD node_modules/@jridgewell/resolve-uri
990 silly ADD node_modules/@jridgewell/sourcemap-codec
991 silly ADD node_modules/@babel/helper-string-parser
992 silly ADD node_modules/@babel/helper-globals
993 silly ADD node_modules/@babel/helper-plugin-utils
994 silly ADD node_modules/@babel/helper-module-imports
995 silly ADD node_modules/lru-cache
996 silly ADD node_modules/browserslist
997 silly ADD node_modules/@babel/helper-validator-option
998 silly ADD node_modules/@babel/compat-data
999 silly ADD node_modules/jsesc
1000 silly ADD node_modules/@jridgewell/trace-mapping
1001 silly ADD node_modules/@jridgewell/gen-mapping
1002 silly ADD node_modules/picocolors
1003 silly ADD node_modules/js-tokens
1004 silly ADD node_modules/@babel/helper-validator-identifier
1005 silly ADD node_modules/semver
1006 silly ADD node_modules/json5
1007 silly ADD node_modules/gensync
1008 silly ADD node_modules/debug
1009 silly ADD node_modules/convert-source-map
1010 silly ADD node_modules/@jridgewell/remapping
1011 silly ADD node_modules/@babel/types
1012 silly ADD node_modules/@babel/traverse
1013 silly ADD node_modules/@babel/template
1014 silly ADD node_modules/@babel/parser
1015 silly ADD node_modules/@babel/helpers
1016 silly ADD node_modules/@babel/helper-module-transforms
1017 silly ADD node_modules/@babel/helper-compilation-targets
1018 silly ADD node_modules/@babel/generator
1019 silly ADD node_modules/@babel/code-frame
1020 silly ADD node_modules/react-refresh
1021 silly ADD node_modules/@types/babel__core
1022 silly ADD node_modules/@babel/plugin-transform-react-jsx-source
1023 silly ADD node_modules/@babel/plugin-transform-react-jsx-self
1024 silly ADD node_modules/@babel/core
1025 silly ADD node_modules/react-dom
1026 silly ADD node_modules/react
1027 silly ADD node_modules/vite
1028 silly ADD node_modules/@vitejs/plugin-react
1029 verbose cwd C:\Users\ksura\OneDrive\Documents\Pet_adoption
1030 verbose os Windows_NT 10.0.26200
1031 verbose node v22.17.1
1032 verbose npm  v10.9.2
1033 notice
1033 notice New major version of npm available! 10.9.2 -> 12.0.1
1033 notice Changelog: https://github.com/npm/cli/releases/tag/v12.0.1
1033 notice To update run: npm install -g npm@12.0.1
1033 notice  { force: true, [Symbol(proc-log.meta)]: true }
1034 verbose exit 0
1035 info ok
